[2025-11-11 15:39:33] [DEBUG]: CommandDispatcher()  注册所有命令成功
[2025-11-11 15:39:33] [DEBUG]: Redis 服务器开始运行
[2025-11-11 15:39:54] [DEBUG]: handle_accept() 新连接ip:127.0.0.1 端口:36714
[2025-11-11 15:39:54] [DEBUG]: handle_read() 缓冲区大小：36
[2025-11-11 15:39:54] [DEBUG]: handle_read() 入读数据长度：36
[2025-11-11 15:39:54] [DEBUG]: try_one_request() 命令解析成功
[2025-11-11 15:39:54] [DEBUG]: h_lookup() 哈希表为空，查找失败。
[2025-11-11 15:39:54] [DEBUG]: h_lookup() 哈希表为空，查找失败。
[2025-11-11 15:39:54] [DEBUG]: h_lookup() 哈希表为空，查找失败。
[2025-11-11 15:39:54] [ERROR]: try_one_request() 连接id为1的连接输入缓冲区数据不够首部长度
[2025-11-11 15:39:54] [DEBUG]: handle_write() 连接id为1的连接写入缓冲区为空
[2025-11-11 15:39:54] [DEBUG]: 连接关闭 id为1 fd为5
[2025-11-11 15:40:02] [DEBUG]: handle_accept() 新连接ip:127.0.0.1 端口:32886
[2025-11-11 15:40:02] [DEBUG]: handle_read() 缓冲区大小：36
[2025-11-11 15:40:02] [DEBUG]: handle_read() 入读数据长度：36
[2025-11-11 15:40:02] [DEBUG]: try_one_request() 命令解析成功
[2025-11-11 15:40:02] [DEBUG]: h_lookup() 哈希表为空，查找失败。
[2025-11-11 15:40:02] [ERROR]: try_one_request() 连接id为2的连接输入缓冲区数据不够首部长度
[2025-11-11 15:40:02] [DEBUG]: 连接关闭 id为2 fd为5
[2025-11-11 15:40:06] [DEBUG]: handle_accept() 新连接ip:127.0.0.1 端口:32900
[2025-11-11 15:40:06] [DEBUG]: handle_read() 缓冲区大小：36
[2025-11-11 15:40:06] [DEBUG]: handle_read() 入读数据长度：36
[2025-11-11 15:40:06] [DEBUG]: try_one_request() 命令解析成功
[2025-11-11 15:40:06] [DEBUG]: h_lookup() 哈希表为空，查找失败。
[2025-11-11 15:40:06] [ERROR]: try_one_request() 连接id为3的连接输入缓冲区数据不够首部长度
[2025-11-11 15:40:06] [DEBUG]: 连接关闭 id为3 fd为5
[2025-11-11 15:40:22] [DEBUG]: handle_accept() 新连接ip:127.0.0.1 端口:60038
[2025-11-11 15:40:22] [DEBUG]: handle_read() 缓冲区大小：25
[2025-11-11 15:40:22] [DEBUG]: handle_read() 入读数据长度：25
[2025-11-11 15:40:22] [DEBUG]: try_one_request() 命令解析成功
[2025-11-11 15:40:22] [ERROR]: execute_command() 未知命令:ZDEL
[2025-11-11 15:40:22] [ERROR]: try_one_request() 连接id为4的连接输入缓冲区数据不够首部长度
[2025-11-11 15:40:22] [DEBUG]: 连接关闭 id为4 fd为5
[2025-11-11 15:42:08] [DEBUG]: CommandDispatcher()  注册所有命令成功
[2025-11-11 15:42:08] [DEBUG]: Redis 服务器开始运行
[2025-11-11 15:42:13] [DEBUG]: handle_accept() 新连接ip:127.0.0.1 端口:40028
[2025-11-11 15:42:13] [DEBUG]: handle_read() 缓冲区大小：36
[2025-11-11 15:42:13] [DEBUG]: handle_read() 入读数据长度：36
[2025-11-11 15:42:13] [DEBUG]: try_one_request() 命令解析成功
[2025-11-11 15:42:13] [DEBUG]: h_lookup() 哈希表为空，查找失败。
[2025-11-11 15:42:13] [DEBUG]: h_lookup() 哈希表为空，查找失败。
[2025-11-11 15:42:13] [DEBUG]: h_lookup() 哈希表为空，查找失败。
[2025-11-11 15:42:13] [ERROR]: try_one_request() 连接id为1的连接输入缓冲区数据不够首部长度
[2025-11-11 15:42:13] [DEBUG]: handle_write() 连接id为1的连接写入缓冲区为空
[2025-11-11 15:42:13] [DEBUG]: 连接关闭 id为1 fd为5
[2025-11-11 15:42:16] [DEBUG]: handle_accept() 新连接ip:127.0.0.1 端口:40044
[2025-11-11 15:42:16] [DEBUG]: handle_read() 缓冲区大小：36
[2025-11-11 15:42:16] [DEBUG]: handle_read() 入读数据长度：36
[2025-11-11 15:42:16] [DEBUG]: try_one_request() 命令解析成功
[2025-11-11 15:42:16] [DEBUG]: h_lookup() 哈希表为空，查找失败。
[2025-11-11 15:42:16] [ERROR]: try_one_request() 连接id为2的连接输入缓冲区数据不够首部长度
[2025-11-11 15:42:16] [DEBUG]: 连接关闭 id为2 fd为5
[2025-11-11 15:42:20] [DEBUG]: handle_accept() 新连接ip:127.0.0.1 端口:40060
[2025-11-11 15:42:20] [DEBUG]: handle_read() 缓冲区大小：36
[2025-11-11 15:42:20] [DEBUG]: handle_read() 入读数据长度：36
[2025-11-11 15:42:20] [DEBUG]: try_one_request() 命令解析成功
[2025-11-11 15:42:20] [DEBUG]: h_lookup() 哈希表为空，查找失败。
[2025-11-11 15:42:20] [ERROR]: try_one_request() 连接id为3的连接输入缓冲区数据不够首部长度
[2025-11-11 15:42:20] [DEBUG]: 连接关闭 id为3 fd为5
[2025-11-11 15:42:31] [DEBUG]: handle_accept() 新连接ip:127.0.0.1 端口:59216
[2025-11-11 15:42:31] [DEBUG]: handle_read() 缓冲区大小：25
[2025-11-11 15:42:31] [DEBUG]: handle_read() 入读数据长度：25
[2025-11-11 15:42:31] [DEBUG]: try_one_request() 命令解析成功
[2025-11-11 15:42:31] [ERROR]: try_one_request() 连接id为4的连接输入缓冲区数据不够首部长度
[2025-11-11 15:42:31] [DEBUG]: 连接关闭 id为4 fd为5
[2025-11-11 15:43:01] [DEBUG]: handle_accept() 新连接ip:127.0.0.1 端口:52392
[2025-11-11 15:43:01] [DEBUG]: handle_read() 缓冲区大小：33
[2025-11-11 15:43:01] [DEBUG]: handle_read() 入读数据长度：33
[2025-11-11 15:43:01] [DEBUG]: try_one_request() 命令解析成功
[2025-11-11 15:43:01] [DEBUG]: h_lookup() 哈希表为空，查找失败。
[2025-11-11 15:43:01] [DEBUG]: h_lookup() 哈希表为空，查找失败。
[2025-11-11 15:43:01] [DEBUG]: h_lookup() 哈希表为空，查找失败。
[2025-11-11 15:43:01] [ERROR]: try_one_request() 连接id为5的连接输入缓冲区数据不够首部长度
[2025-11-11 15:43:01] [DEBUG]: 连接关闭 id为5 fd为5
[2025-11-11 15:43:19] [DEBUG]: handle_accept() 新连接ip:127.0.0.1 端口:37566
[2025-11-11 15:43:19] [DEBUG]: handle_read() 缓冲区大小：32
[2025-11-11 15:43:19] [DEBUG]: handle_read() 入读数据长度：32
[2025-11-11 15:43:19] [DEBUG]: try_one_request() 命令解析成功
[2025-11-11 15:43:19] [DEBUG]: h_lookup() 哈希表为空，查找失败。
[2025-11-11 15:43:19] [ERROR]: try_one_request() 连接id为6的连接输入缓冲区数据不够首部长度
[2025-11-11 15:43:19] [DEBUG]: 连接关闭 id为6 fd为5
[2025-11-11 15:43:34] [DEBUG]: handle_accept() 新连接ip:127.0.0.1 端口:49186
[2025-11-11 15:43:34] [DEBUG]: handle_read() 缓冲区大小：25
[2025-11-11 15:43:34] [DEBUG]: handle_read() 入读数据长度：25
[2025-11-11 15:43:34] [DEBUG]: try_one_request() 命令解析成功
[2025-11-11 15:43:34] [ERROR]: try_one_request() 连接id为7的连接输入缓冲区数据不够首部长度
[2025-11-11 15:43:34] [DEBUG]: 连接关闭 id为7 fd为5
[2025-11-11 15:43:57] [DEBUG]: handle_accept() 新连接ip:127.0.0.1 端口:34052
[2025-11-11 15:43:57] [DEBUG]: handle_read() 缓冲区大小：37
[2025-11-11 15:43:57] [DEBUG]: handle_read() 入读数据长度：37
[2025-11-11 15:43:57] [DEBUG]: try_one_request() 命令解析成功
[2025-11-11 15:43:57] [ERROR]: try_one_request() 连接id为8的连接输入缓冲区数据不够首部长度
[2025-11-11 15:43:57] [DEBUG]: 连接关闭 id为8 fd为5
[2025-11-11 15:44:18] [DEBUG]: handle_accept() 新连接ip:127.0.0.1 端口:53260
[2025-11-11 15:44:18] [DEBUG]: handle_read() 缓冲区大小：33
[2025-11-11 15:44:18] [DEBUG]: handle_read() 入读数据长度：33
[2025-11-11 15:44:18] [DEBUG]: try_one_request() 命令解析成功
[2025-11-11 15:44:18] [DEBUG]: h_lookup() 哈希表为空，查找失败。
[2025-11-11 15:44:18] [ERROR]: try_one_request() 连接id为9的连接输入缓冲区数据不够首部长度
[2025-11-11 15:44:18] [DEBUG]: 连接关闭 id为9 fd为5
[2025-11-11 15:44:22] [DEBUG]: handle_accept() 新连接ip:127.0.0.1 端口:45190
[2025-11-11 15:44:22] [DEBUG]: handle_read() 缓冲区大小：33
[2025-11-11 15:44:22] [DEBUG]: handle_read() 入读数据长度：33
[2025-11-11 15:44:22] [DEBUG]: try_one_request() 命令解析成功
[2025-11-11 15:44:22] [DEBUG]: h_lookup() 哈希表为空，查找失败。
[2025-11-11 15:44:22] [ERROR]: try_one_request() 连接id为10的连接输入缓冲区数据不够首部长度
[2025-11-11 15:44:22] [DEBUG]: 连接关闭 id为10 fd为5
