[2025-11-04 16:15:15] [DEBUG]: CommandDispatcher()  注册所有命令成功
[2025-11-04 16:15:15] [DEBUG]: Redis 服务器开始运行
[2025-11-04 16:16:23] [DEBUG]: handle_accept() 新连接ip:127.0.0.1 端口:41844
[2025-11-04 16:16:23] [DEBUG]: handle_read() 缓冲区大小：8
[2025-11-04 16:16:23] [DEBUG]: handle_read() 入读数据长度：8
[2025-11-04 16:16:23] [DEBUG]: try_one_request() 命令解析成功
[2025-11-04 16:16:35] [DEBUG]: CommandDispatcher()  注册所有命令成功
[2025-11-04 16:16:35] [DEBUG]: Redis 服务器开始运行
[2025-11-04 16:16:52] [DEBUG]: handle_accept() 新连接ip:127.0.0.1 端口:41556
[2025-11-04 16:16:52] [DEBUG]: handle_read() 缓冲区大小：26
[2025-11-04 16:16:52] [DEBUG]: handle_read() 入读数据长度：26
[2025-11-04 16:16:52] [DEBUG]: try_one_request() 命令解析成功
[2025-11-04 16:16:52] [DEBUG]: h_lookup() 哈希表为空，查找失败。
[2025-11-04 16:16:52] [ERROR]: try_one_request() 连接id为1的连接输入缓冲区数据不够首部长度
[2025-11-04 16:16:52] [DEBUG]: handle_write() 连接id为1的连接写入缓冲区为空
[2025-11-04 16:16:52] [DEBUG]: 连接关闭 id为1 fd为5
[2025-11-04 16:17:10] [DEBUG]: handle_accept() 新连接ip:127.0.0.1 端口:52312
[2025-11-04 16:17:10] [DEBUG]: handle_read() 缓冲区大小：20
[2025-11-04 16:17:10] [DEBUG]: handle_read() 入读数据长度：20
[2025-11-04 16:17:10] [DEBUG]: try_one_request() 命令解析成功
[2025-11-04 16:17:10] [ERROR]: try_one_request() 连接id为2的连接输入缓冲区数据不够首部长度
[2025-11-04 16:17:10] [DEBUG]: 连接关闭 id为2 fd为5
[2025-11-04 16:17:41] [DEBUG]: handle_accept() 新连接ip:127.0.0.1 端口:38270
[2025-11-04 16:17:41] [DEBUG]: handle_read() 缓冲区大小：38
[2025-11-04 16:17:41] [DEBUG]: handle_read() 入读数据长度：38
[2025-11-04 16:17:41] [DEBUG]: try_one_request() 命令解析成功
[2025-11-04 16:17:41] [DEBUG]: h_lookup() 哈希表为空，查找失败。
[2025-11-04 16:17:41] [DEBUG]: h_lookup() 哈希表为空，查找失败。
[2025-11-04 16:17:41] [ERROR]: execute_command() 命令执行出错 'ZADD':stod
[2025-11-04 16:17:41] [ERROR]: try_one_request() 连接id为3的连接输入缓冲区数据不够首部长度
[2025-11-04 16:17:41] [DEBUG]: 连接关闭 id为3 fd为5
[2025-11-04 16:19:21] [DEBUG]: handle_accept() 新连接ip:127.0.0.1 端口:35852
[2025-11-04 16:19:21] [DEBUG]: handle_read() 缓冲区大小：34
[2025-11-04 16:19:21] [DEBUG]: handle_read() 入读数据长度：34
[2025-11-04 16:19:21] [DEBUG]: try_one_request() 命令解析成功
[2025-11-04 16:19:21] [DEBUG]: h_lookup() 哈希表为空，查找失败。
[2025-11-04 16:19:21] [DEBUG]: h_lookup() 哈希表为空，查找失败。
[2025-11-04 16:19:21] [DEBUG]: h_lookup() 哈希表为空，查找失败。
[2025-11-04 16:19:21] [ERROR]: try_one_request() 连接id为4的连接输入缓冲区数据不够首部长度
[2025-11-04 16:19:21] [DEBUG]: 连接关闭 id为4 fd为5
[2025-11-04 16:24:24] [DEBUG]: CommandDispatcher()  注册所有命令成功
[2025-11-04 16:24:24] [DEBUG]: Redis 服务器开始运行
[2025-11-04 16:24:41] [DEBUG]: handle_accept() 新连接ip:127.0.0.1 端口:42126
[2025-11-04 16:24:41] [DEBUG]: handle_read() 缓冲区大小：38
[2025-11-04 16:24:41] [DEBUG]: handle_read() 入读数据长度：38
[2025-11-04 16:24:41] [DEBUG]: try_one_request() 命令解析成功
[2025-11-04 16:24:41] [DEBUG]: h_lookup() 哈希表为空，查找失败。
[2025-11-04 16:24:41] [DEBUG]: h_lookup() 哈希表为空，查找失败。
[2025-11-04 16:24:41] [DEBUG]: h_lookup() 哈希表为空，查找失败。
[2025-11-04 16:24:41] [ERROR]: try_one_request() 连接id为1的连接输入缓冲区数据不够首部长度
[2025-11-04 16:24:41] [DEBUG]: handle_write() 连接id为1的连接写入缓冲区为空
[2025-11-04 16:24:41] [DEBUG]: 连接关闭 id为1 fd为5
[2025-11-04 16:25:23] [DEBUG]: handle_accept() 新连接ip:127.0.0.1 端口:35686
[2025-11-04 16:25:23] [DEBUG]: handle_read() 缓冲区大小：34
[2025-11-04 16:25:23] [DEBUG]: handle_read() 入读数据长度：34
[2025-11-04 16:25:23] [DEBUG]: try_one_request() 命令解析成功
[2025-11-04 16:25:23] [DEBUG]: h_lookup() 哈希表为空，查找失败。
[2025-11-04 16:25:23] [ERROR]: try_one_request() 连接id为2的连接输入缓冲区数据不够首部长度
[2025-11-04 16:25:23] [DEBUG]: 连接关闭 id为2 fd为5
[2025-11-04 16:26:35] [DEBUG]: handle_accept() 新连接ip:127.0.0.1 端口:35686
[2025-11-04 16:26:35] [DEBUG]: handle_read() 缓冲区大小：26
[2025-11-04 16:26:35] [DEBUG]: handle_read() 入读数据长度：26
[2025-11-04 16:26:35] [DEBUG]: try_one_request() 命令解析成功
[2025-11-04 16:26:35] [ERROR]: try_one_request() 连接id为3的连接输入缓冲区数据不够首部长度
[2025-11-04 16:26:35] [DEBUG]: 连接关闭 id为3 fd为5
[2025-11-04 16:27:31] [DEBUG]: handle_accept() 新连接ip:127.0.0.1 端口:51260
[2025-11-04 16:27:31] [DEBUG]: handle_read() 缓冲区大小：33
[2025-11-04 16:27:31] [DEBUG]: handle_read() 入读数据长度：33
[2025-11-04 16:27:31] [DEBUG]: try_one_request() 命令解析成功
[2025-11-04 16:27:31] [DEBUG]: h_lookup() 哈希表为空，查找失败。
[2025-11-04 16:27:31] [ERROR]: try_one_request() 连接id为4的连接输入缓冲区数据不够首部长度
[2025-11-04 16:27:31] [DEBUG]: 连接关闭 id为4 fd为5
[2025-11-04 16:31:15] [DEBUG]: CommandDispatcher()  注册所有命令成功
[2025-11-04 16:31:15] [DEBUG]: Redis 服务器开始运行
[2025-11-04 16:31:29] [DEBUG]: handle_accept() 新连接ip:127.0.0.1 端口:50830
[2025-11-04 16:31:29] [DEBUG]: handle_read() 缓冲区大小：38
[2025-11-04 16:31:29] [DEBUG]: handle_read() 入读数据长度：38
[2025-11-04 16:31:29] [DEBUG]: try_one_request() 命令解析成功
[2025-11-04 16:31:29] [DEBUG]: h_lookup() 哈希表为空，查找失败。
[2025-11-04 16:31:29] [DEBUG]: h_lookup() 哈希表为空，查找失败。
[2025-11-04 16:31:29] [DEBUG]: h_lookup() 哈希表为空，查找失败。
[2025-11-04 16:31:29] [ERROR]: try_one_request() 连接id为1的连接输入缓冲区数据不够首部长度
[2025-11-04 16:31:29] [DEBUG]: handle_write() 连接id为1的连接写入缓冲区为空
[2025-11-04 16:31:29] [DEBUG]: 连接关闭 id为1 fd为5
[2025-11-04 16:31:45] [DEBUG]: handle_accept() 新连接ip:127.0.0.1 端口:56854
[2025-11-04 16:31:45] [DEBUG]: handle_read() 缓冲区大小：27
[2025-11-04 16:31:45] [DEBUG]: handle_read() 入读数据长度：27
[2025-11-04 16:31:45] [DEBUG]: try_one_request() 命令解析成功
[2025-11-04 16:31:45] [ERROR]: execute_command() 命令参数数量不对 'ZSCORE'
[2025-11-04 16:31:45] [ERROR]: try_one_request() 连接id为2的连接输入缓冲区数据不够首部长度
[2025-11-04 16:31:45] [DEBUG]: 连接关闭 id为2 fd为5
[2025-11-04 16:31:57] [DEBUG]: handle_accept() 新连接ip:127.0.0.1 端口:51010
[2025-11-04 16:31:57] [DEBUG]: handle_read() 缓冲区大小：34
[2025-11-04 16:31:57] [DEBUG]: handle_read() 入读数据长度：34
[2025-11-04 16:31:57] [DEBUG]: try_one_request() 命令解析成功
[2025-11-04 16:31:57] [ERROR]: try_one_request() 连接id为3的连接输入缓冲区数据不够首部长度
[2025-11-04 16:31:57] [DEBUG]: 连接关闭 id为3 fd为5
[2025-11-04 16:32:22] [DEBUG]: handle_accept() 新连接ip:127.0.0.1 端口:37092
[2025-11-04 16:32:22] [DEBUG]: handle_read() 缓冲区大小：33
[2025-11-04 16:32:22] [DEBUG]: handle_read() 入读数据长度：33
[2025-11-04 16:32:22] [DEBUG]: try_one_request() 命令解析成功
[2025-11-04 16:32:22] [ERROR]: try_one_request() 连接id为4的连接输入缓冲区数据不够首部长度
[2025-11-04 16:32:22] [DEBUG]: 连接关闭 id为4 fd为5
[2025-11-04 16:32:46] [DEBUG]: handle_accept() 新连接ip:127.0.0.1 端口:53628
[2025-11-04 16:32:46] [DEBUG]: handle_read() 缓冲区大小：32
[2025-11-04 16:32:46] [DEBUG]: handle_read() 入读数据长度：32
[2025-11-04 16:32:46] [DEBUG]: try_one_request() 命令解析成功
[2025-11-04 16:32:46] [ERROR]: try_one_request() 连接id为5的连接输入缓冲区数据不够首部长度
[2025-11-04 16:32:46] [DEBUG]: 连接关闭 id为5 fd为5
[2025-11-04 16:32:51] [DEBUG]: handle_accept() 新连接ip:127.0.0.1 端口:37148
[2025-11-04 16:32:51] [DEBUG]: handle_read() 缓冲区大小：33
[2025-11-04 16:32:51] [DEBUG]: handle_read() 入读数据长度：33
[2025-11-04 16:32:51] [DEBUG]: try_one_request() 命令解析成功
[2025-11-04 16:32:51] [DEBUG]: h_lookup() 哈希表为空，查找失败。
[2025-11-04 16:32:51] [ERROR]: try_one_request() 连接id为6的连接输入缓冲区数据不够首部长度
[2025-11-04 16:32:51] [DEBUG]: 连接关闭 id为6 fd为5
[2025-11-04 16:32:56] [DEBUG]: handle_accept() 新连接ip:127.0.0.1 端口:37164
[2025-11-04 16:32:56] [DEBUG]: handle_read() 缓冲区大小：34
[2025-11-04 16:32:56] [DEBUG]: handle_read() 入读数据长度：34
[2025-11-04 16:32:56] [DEBUG]: try_one_request() 命令解析成功
[2025-11-04 16:32:56] [DEBUG]: h_lookup() 哈希表为空，查找失败。
[2025-11-04 16:32:56] [ERROR]: try_one_request() 连接id为7的连接输入缓冲区数据不够首部长度
[2025-11-04 16:32:56] [DEBUG]: 连接关闭 id为7 fd为5
[2025-11-04 16:33:02] [DEBUG]: handle_accept() 新连接ip:127.0.0.1 端口:35638
[2025-11-04 16:33:02] [DEBUG]: handle_read() 缓冲区大小：38
[2025-11-04 16:33:02] [DEBUG]: handle_read() 入读数据长度：38
[2025-11-04 16:33:02] [DEBUG]: try_one_request() 命令解析成功
[2025-11-04 16:33:02] [DEBUG]: h_lookup() 哈希表为空，查找失败。
[2025-11-04 16:33:58] [DEBUG]: CommandDispatcher()  注册所有命令成功
[2025-11-04 16:33:58] [DEBUG]: Redis 服务器开始运行
[2025-11-04 16:34:12] [DEBUG]: handle_accept() 新连接ip:127.0.0.1 端口:43958
[2025-11-04 16:34:12] [DEBUG]: handle_read() 缓冲区大小：8
[2025-11-04 16:34:12] [DEBUG]: handle_read() 入读数据长度：8
[2025-11-04 16:34:12] [DEBUG]: try_one_request() 命令解析成功
[2025-11-04 16:34:23] [DEBUG]: CommandDispatcher()  注册所有命令成功
[2025-11-04 16:34:23] [DEBUG]: Redis 服务器开始运行
[2025-11-04 16:34:39] [DEBUG]: handle_accept() 新连接ip:127.0.0.1 端口:49728
[2025-11-04 16:34:39] [DEBUG]: handle_read() 缓冲区大小：37
[2025-11-04 16:34:39] [DEBUG]: handle_read() 入读数据长度：37
[2025-11-04 16:34:39] [DEBUG]: try_one_request() 命令解析成功
[2025-11-04 16:34:39] [DEBUG]: h_lookup() 哈希表为空，查找失败。
[2025-11-04 16:34:39] [DEBUG]: h_lookup() 哈希表为空，查找失败。
[2025-11-04 16:34:39] [DEBUG]: h_lookup() 哈希表为空，查找失败。
[2025-11-04 16:34:39] [ERROR]: try_one_request() 连接id为1的连接输入缓冲区数据不够首部长度
[2025-11-04 16:34:39] [DEBUG]: handle_write() 连接id为1的连接写入缓冲区为空
[2025-11-04 16:34:39] [DEBUG]: 连接关闭 id为1 fd为5
[2025-11-04 16:34:47] [DEBUG]: handle_accept() 新连接ip:127.0.0.1 端口:50466
[2025-11-04 16:34:47] [DEBUG]: handle_read() 缓冲区大小：37
[2025-11-04 16:34:47] [DEBUG]: handle_read() 入读数据长度：37
[2025-11-04 16:34:47] [DEBUG]: try_one_request() 命令解析成功
[2025-11-04 16:34:47] [DEBUG]: h_lookup() 哈希表为空，查找失败。
[2025-11-04 16:34:47] [ERROR]: try_one_request() 连接id为2的连接输入缓冲区数据不够首部长度
[2025-11-04 16:34:47] [DEBUG]: 连接关闭 id为2 fd为5
[2025-11-04 16:35:02] [DEBUG]: handle_accept() 新连接ip:127.0.0.1 端口:53196
[2025-11-04 16:35:02] [DEBUG]: handle_read() 缓冲区大小：37
[2025-11-04 16:35:02] [DEBUG]: handle_read() 入读数据长度：37
[2025-11-04 16:35:02] [DEBUG]: try_one_request() 命令解析成功
[2025-11-04 16:35:02] [DEBUG]: h_lookup() 哈希表为空，查找失败。
[2025-11-04 16:35:02] [ERROR]: try_one_request() 连接id为3的连接输入缓冲区数据不够首部长度
[2025-11-04 16:35:02] [DEBUG]: 连接关闭 id为3 fd为5
[2025-11-04 16:35:21] [DEBUG]: handle_accept() 新连接ip:127.0.0.1 端口:56092
[2025-11-04 16:35:21] [DEBUG]: handle_read() 缓冲区大小：32
[2025-11-04 16:35:21] [DEBUG]: handle_read() 入读数据长度：32
[2025-11-04 16:35:21] [DEBUG]: try_one_request() 命令解析成功
[2025-11-04 16:35:21] [ERROR]: try_one_request() 连接id为4的连接输入缓冲区数据不够首部长度
[2025-11-04 16:35:21] [DEBUG]: 连接关闭 id为4 fd为5
[2025-11-04 16:35:25] [DEBUG]: handle_accept() 新连接ip:127.0.0.1 端口:56100
[2025-11-04 16:35:25] [DEBUG]: handle_read() 缓冲区大小：32
[2025-11-04 16:35:25] [DEBUG]: handle_read() 入读数据长度：32
[2025-11-04 16:35:25] [DEBUG]: try_one_request() 命令解析成功
[2025-11-04 16:35:25] [ERROR]: try_one_request() 连接id为5的连接输入缓冲区数据不够首部长度
[2025-11-04 16:35:25] [DEBUG]: 连接关闭 id为5 fd为5
[2025-11-04 16:35:32] [DEBUG]: handle_accept() 新连接ip:127.0.0.1 端口:55012
[2025-11-04 16:35:32] [DEBUG]: handle_read() 缓冲区大小：32
[2025-11-04 16:35:32] [DEBUG]: handle_read() 入读数据长度：32
[2025-11-04 16:35:32] [DEBUG]: try_one_request() 命令解析成功
[2025-11-04 16:35:32] [ERROR]: try_one_request() 连接id为6的连接输入缓冲区数据不够首部长度
[2025-11-04 16:35:32] [DEBUG]: 连接关闭 id为6 fd为5
[2025-11-04 16:35:58] [DEBUG]: handle_accept() 新连接ip:127.0.0.1 端口:52816
[2025-11-04 16:35:58] [DEBUG]: handle_read() 缓冲区大小：32
[2025-11-04 16:35:58] [DEBUG]: handle_read() 入读数据长度：32
[2025-11-04 16:35:58] [DEBUG]: try_one_request() 命令解析成功
[2025-11-04 16:35:58] [ERROR]: try_one_request() 连接id为7的连接输入缓冲区数据不够首部长度
[2025-11-04 16:35:58] [DEBUG]: 连接关闭 id为7 fd为5
[2025-11-04 16:36:15] [DEBUG]: handle_accept() 新连接ip:127.0.0.1 端口:44792
[2025-11-04 16:36:15] [DEBUG]: handle_read() 缓冲区大小：37
[2025-11-04 16:36:15] [DEBUG]: handle_read() 入读数据长度：37
[2025-11-04 16:36:15] [DEBUG]: try_one_request() 命令解析成功
[2025-11-04 16:36:15] [ERROR]: try_one_request() 连接id为8的连接输入缓冲区数据不够首部长度
[2025-11-04 16:36:15] [DEBUG]: 连接关闭 id为8 fd为5
[2025-11-04 16:36:25] [DEBUG]: handle_accept() 新连接ip:127.0.0.1 端口:33682
[2025-11-04 16:36:25] [DEBUG]: handle_read() 缓冲区大小：37
[2025-11-04 16:36:25] [DEBUG]: handle_read() 入读数据长度：37
[2025-11-04 16:36:25] [DEBUG]: try_one_request() 命令解析成功
[2025-11-04 16:36:25] [ERROR]: try_one_request() 连接id为9的连接输入缓冲区数据不够首部长度
[2025-11-04 16:36:25] [DEBUG]: 连接关闭 id为9 fd为5
[2025-11-04 16:39:43] [DEBUG]: handle_accept() 新连接ip:127.0.0.1 端口:49436
[2025-11-04 16:39:43] [DEBUG]: handle_read() 缓冲区大小：26
[2025-11-04 16:39:43] [DEBUG]: handle_read() 入读数据长度：26
[2025-11-04 16:39:43] [DEBUG]: try_one_request() 命令解析成功
[2025-11-04 16:39:43] [ERROR]: try_one_request() 连接id为10的连接输入缓冲区数据不够首部长度
[2025-11-04 16:39:43] [DEBUG]: 连接关闭 id为10 fd为5
[2025-11-04 16:40:15] [DEBUG]: handle_accept() 新连接ip:127.0.0.1 端口:52134
[2025-11-04 16:40:15] [DEBUG]: handle_read() 缓冲区大小：33
[2025-11-04 16:40:15] [DEBUG]: handle_read() 入读数据长度：33
[2025-11-04 16:40:15] [DEBUG]: try_one_request() 命令解析成功
[2025-11-04 16:40:15] [ERROR]: try_one_request() 连接id为11的连接输入缓冲区数据不够首部长度
[2025-11-04 16:40:15] [DEBUG]: 连接关闭 id为11 fd为5
[2025-11-04 16:40:56] [DEBUG]: handle_accept() 新连接ip:127.0.0.1 端口:33824
[2025-11-04 16:40:56] [DEBUG]: handle_read() 缓冲区大小：32
[2025-11-04 16:40:56] [DEBUG]: handle_read() 入读数据长度：32
[2025-11-04 16:40:56] [DEBUG]: try_one_request() 命令解析成功
[2025-11-04 16:40:56] [ERROR]: try_one_request() 连接id为12的连接输入缓冲区数据不够首部长度
[2025-11-04 16:40:56] [DEBUG]: 连接关闭 id为12 fd为5
[2025-11-04 16:46:21] [DEBUG]: handle_accept() 新连接ip:127.0.0.1 端口:56796
[2025-11-04 16:46:21] [DEBUG]: handle_read() 缓冲区大小：32
[2025-11-04 16:46:21] [DEBUG]: handle_read() 入读数据长度：32
[2025-11-04 16:46:21] [DEBUG]: try_one_request() 命令解析成功
[2025-11-04 16:46:21] [ERROR]: try_one_request() 连接id为13的连接输入缓冲区数据不够首部长度
[2025-11-04 16:46:21] [DEBUG]: 连接关闭 id为13 fd为5
[2025-11-04 16:46:40] [DEBUG]: handle_accept() 新连接ip:127.0.0.1 端口:59708
[2025-11-04 16:46:40] [DEBUG]: handle_read() 缓冲区大小：33
[2025-11-04 16:46:40] [DEBUG]: handle_read() 入读数据长度：33
[2025-11-04 16:46:40] [DEBUG]: try_one_request() 命令解析成功
[2025-11-04 16:46:40] [ERROR]: try_one_request() 连接id为14的连接输入缓冲区数据不够首部长度
[2025-11-04 16:46:40] [DEBUG]: 连接关闭 id为14 fd为5
