[2025-11-10 16:21:53] [DEBUG]: CommandDispatcher()  注册所有命令成功
[2025-11-10 16:21:53] [DEBUG]: Redis 服务器开始运行
[2025-11-10 16:22:40] [DEBUG]: handle_accept() 新连接ip:127.0.0.1 端口:57278
[2025-11-10 16:22:40] [DEBUG]: handle_read() 缓冲区大小：36
[2025-11-10 16:22:40] [DEBUG]: handle_read() 入读数据长度：36
[2025-11-10 16:22:40] [DEBUG]: try_one_request() 命令解析成功
[2025-11-10 16:22:40] [DEBUG]: h_lookup() 哈希表为空，查找失败。
[2025-11-10 16:22:40] [DEBUG]: h_lookup() 哈希表为空，查找失败。
[2025-11-10 16:22:40] [DEBUG]: h_lookup() 哈希表为空，查找失败。
[2025-11-10 16:22:40] [ERROR]: try_one_request() 连接id为1的连接输入缓冲区数据不够首部长度
[2025-11-10 16:22:40] [DEBUG]: handle_write() 连接id为1的连接写入缓冲区为空
[2025-11-10 16:22:40] [DEBUG]: 连接关闭 id为1 fd为5
[2025-11-10 16:22:49] [DEBUG]: handle_accept() 新连接ip:127.0.0.1 端口:34314
[2025-11-10 16:22:49] [DEBUG]: handle_read() 缓冲区大小：36
[2025-11-10 16:22:49] [DEBUG]: handle_read() 入读数据长度：36
[2025-11-10 16:22:49] [DEBUG]: try_one_request() 命令解析成功
[2025-11-10 16:22:49] [DEBUG]: h_lookup() 哈希表为空，查找失败。
[2025-11-10 16:22:49] [ERROR]: try_one_request() 连接id为2的连接输入缓冲区数据不够首部长度
[2025-11-10 16:22:49] [DEBUG]: 连接关闭 id为2 fd为5
[2025-11-10 16:22:56] [DEBUG]: handle_accept() 新连接ip:127.0.0.1 端口:34718
[2025-11-10 16:22:56] [DEBUG]: handle_read() 缓冲区大小：36
[2025-11-10 16:22:56] [DEBUG]: handle_read() 入读数据长度：36
[2025-11-10 16:22:56] [DEBUG]: try_one_request() 命令解析成功
[2025-11-10 16:22:56] [DEBUG]: h_lookup() 哈希表为空，查找失败。
[2025-11-10 16:22:56] [ERROR]: try_one_request() 连接id为3的连接输入缓冲区数据不够首部长度
[2025-11-10 16:22:56] [DEBUG]: 连接关闭 id为3 fd为5
[2025-11-10 16:23:02] [DEBUG]: handle_accept() 新连接ip:127.0.0.1 端口:34720
[2025-11-10 16:23:02] [DEBUG]: handle_read() 缓冲区大小：36
[2025-11-10 16:23:02] [DEBUG]: handle_read() 入读数据长度：36
[2025-11-10 16:23:02] [DEBUG]: try_one_request() 命令解析成功
[2025-11-10 16:23:02] [DEBUG]: h_lookup() 哈希表为空，查找失败。
[2025-11-10 16:23:02] [ERROR]: try_one_request() 连接id为4的连接输入缓冲区数据不够首部长度
[2025-11-10 16:23:02] [DEBUG]: 连接关闭 id为4 fd为5
[2025-11-10 16:23:08] [DEBUG]: handle_accept() 新连接ip:127.0.0.1 端口:48412
[2025-11-10 16:23:08] [DEBUG]: handle_read() 缓冲区大小：36
[2025-11-10 16:23:08] [DEBUG]: handle_read() 入读数据长度：36
[2025-11-10 16:23:08] [DEBUG]: try_one_request() 命令解析成功
[2025-11-10 16:23:08] [DEBUG]: h_lookup() 哈希表为空，查找失败。
[2025-11-10 16:23:08] [ERROR]: try_one_request() 连接id为5的连接输入缓冲区数据不够首部长度
[2025-11-10 16:23:08] [DEBUG]: 连接关闭 id为5 fd为5
[2025-11-10 16:23:26] [DEBUG]: handle_accept() 新连接ip:127.0.0.1 端口:46780
[2025-11-10 16:23:26] [DEBUG]: handle_read() 缓冲区大小：24
[2025-11-10 16:23:26] [DEBUG]: handle_read() 入读数据长度：24
[2025-11-10 16:23:26] [DEBUG]: try_one_request() 命令解析成功
[2025-11-10 16:23:26] [ERROR]: execute_command() 命令参数数量不对 'ZSCORE'
[2025-11-10 16:23:26] [ERROR]: try_one_request() 连接id为6的连接输入缓冲区数据不够首部长度
[2025-11-10 16:23:26] [DEBUG]: 连接关闭 id为6 fd为5
[2025-11-10 16:23:46] [DEBUG]: handle_accept() 新连接ip:127.0.0.1 端口:52798
[2025-11-10 16:23:46] [DEBUG]: handle_read() 缓冲区大小：32
[2025-11-10 16:23:46] [DEBUG]: handle_read() 入读数据长度：32
[2025-11-10 16:23:46] [DEBUG]: try_one_request() 命令解析成功
[2025-11-10 16:23:46] [ERROR]: execute_command() 未知命令:SCORE
[2025-11-10 16:23:46] [ERROR]: try_one_request() 连接id为7的连接输入缓冲区数据不够首部长度
[2025-11-10 16:23:46] [DEBUG]: 连接关闭 id为7 fd为5
[2025-11-10 16:24:08] [DEBUG]: handle_accept() 新连接ip:127.0.0.1 端口:44282
[2025-11-10 16:24:08] [DEBUG]: handle_read() 缓冲区大小：33
[2025-11-10 16:24:08] [DEBUG]: handle_read() 入读数据长度：33
[2025-11-10 16:24:08] [DEBUG]: try_one_request() 命令解析成功
[2025-11-10 16:24:08] [ERROR]: try_one_request() 连接id为8的连接输入缓冲区数据不够首部长度
[2025-11-10 16:24:08] [DEBUG]: 连接关闭 id为8 fd为5
[2025-11-10 16:24:18] [DEBUG]: handle_accept() 新连接ip:127.0.0.1 端口:50064
[2025-11-10 16:24:18] [DEBUG]: handle_read() 缓冲区大小：33
[2025-11-10 16:24:18] [DEBUG]: handle_read() 入读数据长度：33
[2025-11-10 16:24:18] [DEBUG]: try_one_request() 命令解析成功
[2025-11-10 16:24:18] [ERROR]: try_one_request() 连接id为9的连接输入缓冲区数据不够首部长度
[2025-11-10 16:24:18] [DEBUG]: 连接关闭 id为9 fd为5
[2025-11-10 16:24:43] [DEBUG]: handle_accept() 新连接ip:127.0.0.1 端口:51260
[2025-11-10 16:24:43] [DEBUG]: handle_read() 缓冲区大小：32
[2025-11-10 16:24:43] [DEBUG]: handle_read() 入读数据长度：32
[2025-11-10 16:24:43] [DEBUG]: try_one_request() 命令解析成功
[2025-11-10 16:24:43] [ERROR]: try_one_request() 连接id为10的连接输入缓冲区数据不够首部长度
[2025-11-10 16:24:43] [DEBUG]: 连接关闭 id为10 fd为5
[2025-11-10 16:24:48] [DEBUG]: handle_accept() 新连接ip:127.0.0.1 端口:53698
[2025-11-10 16:24:48] [DEBUG]: handle_read() 缓冲区大小：32
[2025-11-10 16:24:48] [DEBUG]: handle_read() 入读数据长度：32
[2025-11-10 16:24:48] [DEBUG]: try_one_request() 命令解析成功
[2025-11-10 16:24:48] [ERROR]: try_one_request() 连接id为11的连接输入缓冲区数据不够首部长度
[2025-11-10 16:24:48] [DEBUG]: 连接关闭 id为11 fd为5
[2025-11-10 16:24:57] [DEBUG]: handle_accept() 新连接ip:127.0.0.1 端口:57708
[2025-11-10 16:24:57] [DEBUG]: handle_read() 缓冲区大小：32
[2025-11-10 16:24:57] [DEBUG]: handle_read() 入读数据长度：32
[2025-11-10 16:24:57] [DEBUG]: try_one_request() 命令解析成功
[2025-11-10 16:24:57] [ERROR]: try_one_request() 连接id为12的连接输入缓冲区数据不够首部长度
[2025-11-10 16:24:57] [DEBUG]: 连接关闭 id为12 fd为5
[2025-11-10 16:25:02] [DEBUG]: handle_accept() 新连接ip:127.0.0.1 端口:57720
[2025-11-10 16:25:02] [DEBUG]: handle_read() 缓冲区大小：32
[2025-11-10 16:25:02] [DEBUG]: handle_read() 入读数据长度：32
[2025-11-10 16:25:02] [DEBUG]: try_one_request() 命令解析成功
[2025-11-10 16:25:02] [ERROR]: try_one_request() 连接id为13的连接输入缓冲区数据不够首部长度
[2025-11-10 16:25:02] [DEBUG]: 连接关闭 id为13 fd为5
[2025-11-10 16:25:34] [DEBUG]: handle_accept() 新连接ip:127.0.0.1 端口:36906
[2025-11-10 16:25:34] [DEBUG]: handle_read() 缓冲区大小：26
[2025-11-10 16:25:34] [DEBUG]: handle_read() 入读数据长度：26
[2025-11-10 16:25:34] [DEBUG]: try_one_request() 命令解析成功
[2025-11-10 16:25:34] [ERROR]: try_one_request() 连接id为14的连接输入缓冲区数据不够首部长度
[2025-11-10 16:25:34] [DEBUG]: 连接关闭 id为14 fd为5
[2025-11-10 16:26:09] [DEBUG]: handle_accept() 新连接ip:127.0.0.1 端口:38862
[2025-11-10 16:26:09] [DEBUG]: handle_read() 缓冲区大小：37
[2025-11-10 16:26:09] [DEBUG]: handle_read() 入读数据长度：37
[2025-11-10 16:26:09] [DEBUG]: try_one_request() 命令解析成功
[2025-11-10 16:26:09] [ERROR]: try_one_request() 连接id为15的连接输入缓冲区数据不够首部长度
[2025-11-10 16:26:09] [DEBUG]: 连接关闭 id为15 fd为5
[2025-11-10 16:26:32] [DEBUG]: handle_accept() 新连接ip:127.0.0.1 端口:39632
[2025-11-10 16:26:32] [DEBUG]: handle_read() 缓冲区大小：37
[2025-11-10 16:26:32] [DEBUG]: handle_read() 入读数据长度：37
[2025-11-10 16:26:32] [DEBUG]: try_one_request() 命令解析成功
[2025-11-10 16:26:32] [ERROR]: try_one_request() 连接id为16的连接输入缓冲区数据不够首部长度
[2025-11-10 16:26:32] [DEBUG]: 连接关闭 id为16 fd为5
[2025-11-10 16:26:39] [DEBUG]: handle_accept() 新连接ip:127.0.0.1 端口:57142
[2025-11-10 16:26:39] [DEBUG]: handle_read() 缓冲区大小：37
[2025-11-10 16:26:39] [DEBUG]: handle_read() 入读数据长度：37
[2025-11-10 16:26:39] [DEBUG]: try_one_request() 命令解析成功
[2025-11-10 16:26:39] [ERROR]: try_one_request() 连接id为17的连接输入缓冲区数据不够首部长度
[2025-11-10 16:26:39] [DEBUG]: 连接关闭 id为17 fd为5
[2025-11-10 16:26:45] [DEBUG]: handle_accept() 新连接ip:127.0.0.1 端口:46908
[2025-11-10 16:26:45] [DEBUG]: handle_read() 缓冲区大小：37
[2025-11-10 16:26:45] [DEBUG]: handle_read() 入读数据长度：37
[2025-11-10 16:26:45] [DEBUG]: try_one_request() 命令解析成功
[2025-11-10 16:26:45] [ERROR]: try_one_request() 连接id为18的连接输入缓冲区数据不够首部长度
[2025-11-10 16:26:45] [DEBUG]: 连接关闭 id为18 fd为5
[2025-11-10 16:26:59] [DEBUG]: handle_accept() 新连接ip:127.0.0.1 端口:51058
[2025-11-10 16:26:59] [DEBUG]: handle_read() 缓冲区大小：25
[2025-11-10 16:26:59] [DEBUG]: handle_read() 入读数据长度：25
[2025-11-10 16:26:59] [DEBUG]: try_one_request() 命令解析成功
[2025-11-10 16:26:59] [ERROR]: try_one_request() 连接id为19的连接输入缓冲区数据不够首部长度
[2025-11-10 16:26:59] [DEBUG]: 连接关闭 id为19 fd为5
[2025-11-10 16:30:42] [DEBUG]: handle_accept() 新连接ip:127.0.0.1 端口:50388
[2025-11-10 16:30:42] [DEBUG]: handle_read() 缓冲区大小：31
[2025-11-10 16:30:42] [DEBUG]: handle_read() 入读数据长度：31
[2025-11-10 16:30:42] [DEBUG]: try_one_request() 命令解析成功
[2025-11-10 16:30:42] [ERROR]: try_one_request() 连接id为20的连接输入缓冲区数据不够首部长度
[2025-11-10 16:30:42] [DEBUG]: 连接关闭 id为20 fd为5
[2025-11-10 16:30:46] [DEBUG]: handle_accept() 新连接ip:127.0.0.1 端口:42096
[2025-11-10 16:30:46] [DEBUG]: handle_read() 缓冲区大小：25
[2025-11-10 16:30:46] [DEBUG]: handle_read() 入读数据长度：25
[2025-11-10 16:30:46] [DEBUG]: try_one_request() 命令解析成功
[2025-11-10 16:32:00] [DEBUG]: CommandDispatcher()  注册所有命令成功
[2025-11-10 16:32:00] [DEBUG]: Redis 服务器开始运行
[2025-11-10 16:32:06] [DEBUG]: handle_accept() 新连接ip:127.0.0.1 端口:39182
[2025-11-10 16:32:06] [DEBUG]: handle_read() 缓冲区大小：25
[2025-11-10 16:32:06] [DEBUG]: handle_read() 入读数据长度：25
[2025-11-10 16:32:06] [DEBUG]: try_one_request() 命令解析成功
[2025-11-10 16:32:06] [DEBUG]: h_lookup() 哈希表为空，查找失败。
[2025-11-10 16:32:06] [DEBUG]: h_lookup() 哈希表为空，查找失败。
[2025-11-10 16:32:06] [ERROR]: try_one_request() 连接id为1的连接输入缓冲区数据不够首部长度
[2025-11-10 16:32:06] [DEBUG]: handle_write() 连接id为1的连接写入缓冲区为空
[2025-11-10 16:32:06] [DEBUG]: 连接关闭 id为1 fd为5
[2025-11-10 16:32:26] [DEBUG]: handle_accept() 新连接ip:127.0.0.1 端口:54748
[2025-11-10 16:32:26] [DEBUG]: handle_read() 缓冲区大小：36
[2025-11-10 16:32:26] [DEBUG]: handle_read() 入读数据长度：36
[2025-11-10 16:32:26] [DEBUG]: try_one_request() 命令解析成功
[2025-11-10 16:32:26] [DEBUG]: h_lookup() 哈希表为空，查找失败。
[2025-11-10 16:32:26] [ERROR]: try_one_request() 连接id为2的连接输入缓冲区数据不够首部长度
[2025-11-10 16:32:26] [DEBUG]: 连接关闭 id为2 fd为5
[2025-11-10 16:32:47] [DEBUG]: handle_accept() 新连接ip:127.0.0.1 端口:36008
[2025-11-10 16:32:47] [DEBUG]: handle_read() 缓冲区大小：36
[2025-11-10 16:32:47] [DEBUG]: handle_read() 入读数据长度：36
[2025-11-10 16:32:47] [DEBUG]: try_one_request() 命令解析成功
[2025-11-10 16:32:47] [DEBUG]: h_lookup() 哈希表为空，查找失败。
[2025-11-10 16:32:47] [ERROR]: try_one_request() 连接id为3的连接输入缓冲区数据不够首部长度
[2025-11-10 16:32:47] [DEBUG]: 连接关闭 id为3 fd为5
[2025-11-10 16:33:09] [DEBUG]: handle_accept() 新连接ip:127.0.0.1 端口:58432
[2025-11-10 16:33:09] [DEBUG]: handle_read() 缓冲区大小：31
[2025-11-10 16:33:09] [DEBUG]: handle_read() 入读数据长度：31
[2025-11-10 16:33:09] [DEBUG]: try_one_request() 命令解析成功
[2025-11-10 16:33:09] [ERROR]: try_one_request() 连接id为4的连接输入缓冲区数据不够首部长度
[2025-11-10 16:33:09] [DEBUG]: 连接关闭 id为4 fd为5
[2025-11-10 16:33:37] [DEBUG]: handle_accept() 新连接ip:127.0.0.1 端口:58014
[2025-11-10 16:33:37] [DEBUG]: handle_read() 缓冲区大小：33
[2025-11-10 16:33:37] [DEBUG]: handle_read() 入读数据长度：33
[2025-11-10 16:33:37] [DEBUG]: try_one_request() 命令解析成功
[2025-11-10 16:33:37] [DEBUG]: h_lookup() 哈希表为空，查找失败。
[2025-11-10 16:33:37] [ERROR]: try_one_request() 连接id为5的连接输入缓冲区数据不够首部长度
[2025-11-10 16:33:37] [DEBUG]: 连接关闭 id为5 fd为5
[2025-11-10 16:34:13] [DEBUG]: handle_accept() 新连接ip:127.0.0.1 端口:59406
[2025-11-10 16:34:13] [DEBUG]: handle_read() 缓冲区大小：32
[2025-11-10 16:34:13] [DEBUG]: handle_read() 入读数据长度：32
[2025-11-10 16:34:13] [DEBUG]: try_one_request() 命令解析成功
[2025-11-10 16:40:40] [DEBUG]: CommandDispatcher()  注册所有命令成功
[2025-11-10 16:40:40] [DEBUG]: Redis 服务器开始运行
[2025-11-10 16:40:54] [DEBUG]: handle_accept() 新连接ip:127.0.0.1 端口:33562
[2025-11-10 16:40:54] [DEBUG]: handle_read() 缓冲区大小：36
[2025-11-10 16:40:54] [DEBUG]: handle_read() 入读数据长度：36
[2025-11-10 16:40:54] [DEBUG]: try_one_request() 命令解析成功
[2025-11-10 16:40:54] [DEBUG]: h_lookup() 哈希表为空，查找失败。
[2025-11-10 16:40:54] [DEBUG]: h_lookup() 哈希表为空，查找失败。
[2025-11-10 16:40:54] [DEBUG]: h_lookup() 哈希表为空，查找失败。
[2025-11-10 16:40:54] [ERROR]: try_one_request() 连接id为1的连接输入缓冲区数据不够首部长度
[2025-11-10 16:40:54] [DEBUG]: handle_write() 连接id为1的连接写入缓冲区为空
[2025-11-10 16:40:54] [DEBUG]: 连接关闭 id为1 fd为5
[2025-11-10 16:41:01] [DEBUG]: handle_accept() 新连接ip:127.0.0.1 端口:36784
[2025-11-10 16:41:01] [DEBUG]: handle_read() 缓冲区大小：36
[2025-11-10 16:41:01] [DEBUG]: handle_read() 入读数据长度：36
[2025-11-10 16:41:01] [DEBUG]: try_one_request() 命令解析成功
[2025-11-10 16:41:01] [DEBUG]: h_lookup() 哈希表为空，查找失败。
[2025-11-10 16:41:01] [ERROR]: try_one_request() 连接id为2的连接输入缓冲区数据不够首部长度
[2025-11-10 16:41:01] [DEBUG]: 连接关闭 id为2 fd为5
[2025-11-10 16:41:14] [DEBUG]: handle_accept() 新连接ip:127.0.0.1 端口:41832
[2025-11-10 16:41:14] [DEBUG]: handle_read() 缓冲区大小：31
[2025-11-10 16:41:14] [DEBUG]: handle_read() 入读数据长度：31
[2025-11-10 16:41:14] [DEBUG]: try_one_request() 命令解析成功
[2025-11-10 16:41:14] [ERROR]: try_one_request() 连接id为3的连接输入缓冲区数据不够首部长度
[2025-11-10 16:41:14] [DEBUG]: 连接关闭 id为3 fd为5
[2025-11-10 16:41:37] [DEBUG]: handle_accept() 新连接ip:127.0.0.1 端口:34402
[2025-11-10 16:41:37] [DEBUG]: handle_read() 缓冲区大小：32
[2025-11-10 16:41:37] [DEBUG]: handle_read() 入读数据长度：32
[2025-11-10 16:41:37] [DEBUG]: try_one_request() 命令解析成功
[2025-11-10 16:41:46] [DEBUG]: CommandDispatcher()  注册所有命令成功
[2025-11-10 16:41:46] [DEBUG]: Redis 服务器开始运行
[2025-11-10 16:41:58] [DEBUG]: handle_accept() 新连接ip:127.0.0.1 端口:56018
[2025-11-10 16:41:58] [DEBUG]: handle_read() 缓冲区大小：36
[2025-11-10 16:41:58] [DEBUG]: handle_read() 入读数据长度：36
[2025-11-10 16:41:58] [DEBUG]: try_one_request() 命令解析成功
[2025-11-10 16:41:58] [DEBUG]: h_lookup() 哈希表为空，查找失败。
[2025-11-10 16:41:58] [DEBUG]: h_lookup() 哈希表为空，查找失败。
[2025-11-10 16:41:58] [DEBUG]: h_lookup() 哈希表为空，查找失败。
[2025-11-10 16:41:58] [ERROR]: try_one_request() 连接id为1的连接输入缓冲区数据不够首部长度
[2025-11-10 16:41:58] [DEBUG]: handle_write() 连接id为1的连接写入缓冲区为空
[2025-11-10 16:41:58] [DEBUG]: 连接关闭 id为1 fd为5
[2025-11-10 16:42:02] [DEBUG]: handle_accept() 新连接ip:127.0.0.1 端口:56030
[2025-11-10 16:42:02] [DEBUG]: handle_read() 缓冲区大小：36
[2025-11-10 16:42:02] [DEBUG]: handle_read() 入读数据长度：36
[2025-11-10 16:42:02] [DEBUG]: try_one_request() 命令解析成功
[2025-11-10 16:42:02] [DEBUG]: h_lookup() 哈希表为空，查找失败。
[2025-11-10 16:42:02] [ERROR]: try_one_request() 连接id为2的连接输入缓冲区数据不够首部长度
[2025-11-10 16:42:02] [DEBUG]: 连接关闭 id为2 fd为5
[2025-11-10 16:42:17] [DEBUG]: handle_accept() 新连接ip:127.0.0.1 端口:60530
[2025-11-10 16:42:17] [DEBUG]: handle_read() 缓冲区大小：36
[2025-11-10 16:42:17] [DEBUG]: handle_read() 入读数据长度：36
[2025-11-10 16:42:17] [DEBUG]: try_one_request() 命令解析成功
[2025-11-10 16:42:17] [ERROR]: execute_command() 命令参数数量不对 'ZREM'
[2025-11-10 16:42:17] [ERROR]: try_one_request() 连接id为3的连接输入缓冲区数据不够首部长度
[2025-11-10 16:42:17] [DEBUG]: 连接关闭 id为3 fd为5
[2025-11-10 16:42:27] [DEBUG]: handle_accept() 新连接ip:127.0.0.1 端口:38066
[2025-11-10 16:42:27] [DEBUG]: handle_read() 缓冲区大小：31
[2025-11-10 16:42:27] [DEBUG]: handle_read() 入读数据长度：31
[2025-11-10 16:42:27] [DEBUG]: try_one_request() 命令解析成功
[2025-11-10 16:42:27] [ERROR]: try_one_request() 连接id为4的连接输入缓冲区数据不够首部长度
[2025-11-10 16:42:27] [DEBUG]: 连接关闭 id为4 fd为5
[2025-11-10 16:42:39] [DEBUG]: handle_accept() 新连接ip:127.0.0.1 端口:55610
[2025-11-10 16:42:39] [DEBUG]: handle_read() 缓冲区大小：33
[2025-11-10 16:42:39] [DEBUG]: handle_read() 入读数据长度：33
[2025-11-10 16:42:39] [DEBUG]: try_one_request() 命令解析成功
[2025-11-10 16:42:39] [ERROR]: try_one_request() 连接id为5的连接输入缓冲区数据不够首部长度
[2025-11-10 16:42:39] [DEBUG]: 连接关闭 id为5 fd为5
[2025-11-10 16:52:28] [DEBUG]: handle_accept() 新连接ip:127.0.0.1 端口:39784
[2025-11-10 16:52:28] [DEBUG]: handle_read() 缓冲区大小：32
[2025-11-10 16:52:28] [DEBUG]: handle_read() 入读数据长度：32
[2025-11-10 16:52:28] [DEBUG]: try_one_request() 命令解析成功
[2025-11-10 16:52:28] [ERROR]: try_one_request() 连接id为6的连接输入缓冲区数据不够首部长度
[2025-11-10 16:52:28] [DEBUG]: 连接关闭 id为6 fd为5
[2025-11-10 16:53:10] [DEBUG]: CommandDispatcher()  注册所有命令成功
[2025-11-10 16:53:10] [DEBUG]: Redis 服务器开始运行
[2025-11-10 16:53:52] [DEBUG]: handle_accept() 新连接ip:127.0.0.1 端口:43928
[2025-11-10 16:53:52] [DEBUG]: handle_read() 缓冲区大小：36
[2025-11-10 16:53:52] [DEBUG]: handle_read() 入读数据长度：36
[2025-11-10 16:53:52] [DEBUG]: try_one_request() 命令解析成功
[2025-11-10 16:53:52] [DEBUG]: h_lookup() 哈希表为空，查找失败。
[2025-11-10 16:53:52] [DEBUG]: h_lookup() 哈希表为空，查找失败。
[2025-11-10 16:53:52] [DEBUG]: h_lookup() 哈希表为空，查找失败。
[2025-11-10 16:53:52] [ERROR]: try_one_request() 连接id为1的连接输入缓冲区数据不够首部长度
[2025-11-10 16:53:52] [DEBUG]: handle_write() 连接id为1的连接写入缓冲区为空
[2025-11-10 16:53:52] [DEBUG]: 连接关闭 id为1 fd为5
[2025-11-10 16:53:58] [DEBUG]: handle_accept() 新连接ip:127.0.0.1 端口:48824
[2025-11-10 16:53:58] [DEBUG]: handle_read() 缓冲区大小：36
[2025-11-10 16:53:58] [DEBUG]: handle_read() 入读数据长度：36
[2025-11-10 16:53:58] [DEBUG]: try_one_request() 命令解析成功
[2025-11-10 16:53:58] [DEBUG]: h_lookup() 哈希表为空，查找失败。
[2025-11-10 16:53:58] [ERROR]: try_one_request() 连接id为2的连接输入缓冲区数据不够首部长度
[2025-11-10 16:53:58] [DEBUG]: 连接关闭 id为2 fd为5
[2025-11-10 16:54:08] [DEBUG]: handle_accept() 新连接ip:127.0.0.1 端口:37326
[2025-11-10 16:54:08] [DEBUG]: handle_read() 缓冲区大小：31
[2025-11-10 16:54:08] [DEBUG]: handle_read() 入读数据长度：31
[2025-11-10 16:54:08] [DEBUG]: try_one_request() 命令解析成功
[2025-11-10 16:54:08] [ERROR]: try_one_request() 连接id为3的连接输入缓冲区数据不够首部长度
[2025-11-10 16:54:08] [DEBUG]: 连接关闭 id为3 fd为5
[2025-11-10 16:54:23] [DEBUG]: handle_accept() 新连接ip:127.0.0.1 端口:57840
[2025-11-10 16:54:23] [DEBUG]: handle_read() 缓冲区大小：32
[2025-11-10 16:54:23] [DEBUG]: handle_read() 入读数据长度：32
[2025-11-10 16:54:23] [DEBUG]: try_one_request() 命令解析成功
[2025-11-10 16:54:23] [ERROR]: try_one_request() 连接id为4的连接输入缓冲区数据不够首部长度
[2025-11-10 16:54:23] [DEBUG]: 连接关闭 id为4 fd为5
[2025-11-10 16:54:38] [DEBUG]: handle_accept() 新连接ip:127.0.0.1 端口:33996
[2025-11-10 16:54:38] [DEBUG]: handle_read() 缓冲区大小：25
[2025-11-10 16:54:38] [DEBUG]: handle_read() 入读数据长度：25
[2025-11-10 16:54:38] [DEBUG]: try_one_request() 命令解析成功
[2025-11-10 16:56:27] [DEBUG]: CommandDispatcher()  注册所有命令成功
[2025-11-10 16:56:27] [DEBUG]: Redis 服务器开始运行
[2025-11-10 16:56:47] [DEBUG]: handle_accept() 新连接ip:127.0.0.1 端口:60994
[2025-11-10 16:56:47] [DEBUG]: handle_read() 缓冲区大小：36
[2025-11-10 16:56:47] [DEBUG]: handle_read() 入读数据长度：36
[2025-11-10 16:56:47] [DEBUG]: try_one_request() 命令解析成功
[2025-11-10 16:56:47] [DEBUG]: h_lookup() 哈希表为空，查找失败。
[2025-11-10 16:56:47] [DEBUG]: h_lookup() 哈希表为空，查找失败。
[2025-11-10 16:56:47] [DEBUG]: h_lookup() 哈希表为空，查找失败。
[2025-11-10 16:56:47] [ERROR]: try_one_request() 连接id为1的连接输入缓冲区数据不够首部长度
[2025-11-10 16:56:47] [DEBUG]: handle_write() 连接id为1的连接写入缓冲区为空
[2025-11-10 16:56:47] [DEBUG]: 连接关闭 id为1 fd为5
[2025-11-10 16:56:50] [DEBUG]: handle_accept() 新连接ip:127.0.0.1 端口:32778
[2025-11-10 16:56:50] [DEBUG]: handle_read() 缓冲区大小：36
[2025-11-10 16:56:50] [DEBUG]: handle_read() 入读数据长度：36
[2025-11-10 16:56:50] [DEBUG]: try_one_request() 命令解析成功
[2025-11-10 16:56:50] [DEBUG]: h_lookup() 哈希表为空，查找失败。
[2025-11-10 16:56:50] [ERROR]: try_one_request() 连接id为2的连接输入缓冲区数据不够首部长度
[2025-11-10 16:56:50] [DEBUG]: 连接关闭 id为2 fd为5
[2025-11-10 16:57:06] [DEBUG]: handle_accept() 新连接ip:127.0.0.1 端口:35072
[2025-11-10 16:57:06] [DEBUG]: handle_read() 缓冲区大小：36
[2025-11-10 16:57:06] [DEBUG]: handle_read() 入读数据长度：36
[2025-11-10 16:57:06] [DEBUG]: try_one_request() 命令解析成功
[2025-11-10 16:57:06] [ERROR]: try_one_request() 连接id为3的连接输入缓冲区数据不够首部长度
[2025-11-10 16:57:06] [DEBUG]: 连接关闭 id为3 fd为5
[2025-11-10 16:57:22] [DEBUG]: handle_accept() 新连接ip:127.0.0.1 端口:59164
[2025-11-10 16:57:22] [DEBUG]: handle_read() 缓冲区大小：33
[2025-11-10 16:57:22] [DEBUG]: handle_read() 入读数据长度：33
[2025-11-10 16:57:22] [DEBUG]: try_one_request() 命令解析成功
[2025-11-10 16:57:22] [ERROR]: try_one_request() 连接id为4的连接输入缓冲区数据不够首部长度
[2025-11-10 16:57:22] [DEBUG]: 连接关闭 id为4 fd为5
[2025-11-10 16:57:35] [DEBUG]: handle_accept() 新连接ip:127.0.0.1 端口:43218
[2025-11-10 16:57:35] [DEBUG]: handle_read() 缓冲区大小：25
[2025-11-10 16:57:35] [DEBUG]: handle_read() 入读数据长度：25
[2025-11-10 16:57:35] [DEBUG]: try_one_request() 命令解析成功
[2025-11-10 16:57:35] [ERROR]: try_one_request() 连接id为5的连接输入缓冲区数据不够首部长度
[2025-11-10 16:57:35] [DEBUG]: 连接关闭 id为5 fd为5
[2025-11-10 16:58:43] [DEBUG]: handle_accept() 新连接ip:127.0.0.1 端口:49204
[2025-11-10 16:58:43] [DEBUG]: handle_read() 缓冲区大小：32
[2025-11-10 16:58:43] [DEBUG]: handle_read() 入读数据长度：32
[2025-11-10 16:58:43] [DEBUG]: try_one_request() 命令解析成功
[2025-11-10 16:58:43] [ERROR]: try_one_request() 连接id为6的连接输入缓冲区数据不够首部长度
[2025-11-10 16:58:43] [DEBUG]: 连接关闭 id为6 fd为5
[2025-11-10 16:58:47] [DEBUG]: handle_accept() 新连接ip:127.0.0.1 端口:48036
[2025-11-10 16:58:47] [DEBUG]: handle_read() 缓冲区大小：32
[2025-11-10 16:58:47] [DEBUG]: handle_read() 入读数据长度：32
[2025-11-10 16:58:47] [DEBUG]: try_one_request() 命令解析成功
[2025-11-10 16:58:47] [ERROR]: try_one_request() 连接id为7的连接输入缓冲区数据不够首部长度
[2025-11-10 16:58:47] [DEBUG]: 连接关闭 id为7 fd为5
[2025-11-10 17:09:45] [DEBUG]: handle_accept() 新连接ip:127.0.0.1 端口:50102
[2025-11-10 17:09:45] [DEBUG]: handle_read() 缓冲区大小：26
[2025-11-10 17:09:45] [DEBUG]: handle_read() 入读数据长度：26
[2025-11-10 17:09:45] [DEBUG]: try_one_request() 命令解析成功
[2025-11-10 17:09:45] [ERROR]: try_one_request() 连接id为8的连接输入缓冲区数据不够首部长度
[2025-11-10 17:09:45] [DEBUG]: 连接关闭 id为8 fd为5
[2025-11-10 17:12:24] [DEBUG]: handle_accept() 新连接ip:127.0.0.1 端口:59466
[2025-11-10 17:12:24] [DEBUG]: handle_read() 缓冲区大小：36
[2025-11-10 17:12:24] [DEBUG]: handle_read() 入读数据长度：36
[2025-11-10 17:12:24] [DEBUG]: try_one_request() 命令解析成功
[2025-11-10 17:12:24] [DEBUG]: h_lookup() 哈希表为空，查找失败。
[2025-11-10 17:12:24] [ERROR]: try_one_request() 连接id为9的连接输入缓冲区数据不够首部长度
[2025-11-10 17:12:24] [DEBUG]: 连接关闭 id为9 fd为5
[2025-11-10 17:12:32] [DEBUG]: handle_accept() 新连接ip:127.0.0.1 端口:59226
[2025-11-10 17:12:32] [DEBUG]: handle_read() 缓冲区大小：25
[2025-11-10 17:12:32] [DEBUG]: handle_read() 入读数据长度：25
[2025-11-10 17:12:32] [DEBUG]: try_one_request() 命令解析成功
[2025-11-10 17:12:32] [ERROR]: try_one_request() 连接id为10的连接输入缓冲区数据不够首部长度
[2025-11-10 17:12:32] [DEBUG]: 连接关闭 id为10 fd为5
[2025-11-10 17:16:05] [DEBUG]: handle_accept() 新连接ip:127.0.0.1 端口:37046
[2025-11-10 17:16:05] [DEBUG]: handle_read() 缓冲区大小：37
[2025-11-10 17:16:05] [DEBUG]: handle_read() 入读数据长度：37
[2025-11-10 17:16:05] [DEBUG]: try_one_request() 命令解析成功
[2025-11-10 17:16:05] [ERROR]: try_one_request() 连接id为11的连接输入缓冲区数据不够首部长度
[2025-11-10 17:16:05] [DEBUG]: 连接关闭 id为11 fd为5
[2025-11-10 17:20:50] [DEBUG]: CommandDispatcher()  注册所有命令成功
[2025-11-10 17:20:50] [DEBUG]: Redis 服务器开始运行
[2025-11-10 17:21:16] [DEBUG]: handle_accept() 新连接ip:127.0.0.1 端口:36784
[2025-11-10 17:21:16] [DEBUG]: handle_read() 缓冲区大小：36
[2025-11-10 17:21:16] [DEBUG]: handle_read() 入读数据长度：36
[2025-11-10 17:21:16] [DEBUG]: try_one_request() 命令解析成功
[2025-11-10 17:21:16] [DEBUG]: h_lookup() 哈希表为空，查找失败。
[2025-11-10 17:21:16] [DEBUG]: h_lookup() 哈希表为空，查找失败。
[2025-11-10 17:21:16] [DEBUG]: h_lookup() 哈希表为空，查找失败。
[2025-11-10 17:21:16] [ERROR]: try_one_request() 连接id为1的连接输入缓冲区数据不够首部长度
[2025-11-10 17:21:16] [DEBUG]: handle_write() 连接id为1的连接写入缓冲区为空
[2025-11-10 17:21:16] [DEBUG]: 连接关闭 id为1 fd为5
[2025-11-10 17:21:36] [DEBUG]: handle_accept() 新连接ip:127.0.0.1 端口:49840
[2025-11-10 17:21:36] [DEBUG]: handle_read() 缓冲区大小：31
[2025-11-10 17:21:36] [DEBUG]: handle_read() 入读数据长度：31
[2025-11-10 17:21:36] [DEBUG]: try_one_request() 命令解析成功
[2025-11-10 17:21:36] [ERROR]: try_one_request() 连接id为2的连接输入缓冲区数据不够首部长度
[2025-11-10 17:21:36] [DEBUG]: 连接关闭 id为2 fd为5
[2025-11-10 17:21:57] [DEBUG]: handle_accept() 新连接ip:127.0.0.1 端口:39438
[2025-11-10 17:21:57] [DEBUG]: handle_read() 缓冲区大小：36
[2025-11-10 17:21:57] [DEBUG]: handle_read() 入读数据长度：36
[2025-11-10 17:21:57] [DEBUG]: try_one_request() 命令解析成功
[2025-11-10 17:21:57] [DEBUG]: h_lookup() 哈希表为空，查找失败。
[2025-11-10 17:47:45] [DEBUG]: CommandDispatcher()  注册所有命令成功
[2025-11-10 17:47:45] [DEBUG]: Redis 服务器开始运行
[2025-11-10 17:48:01] [DEBUG]: handle_accept() 新连接ip:127.0.0.1 端口:59920
[2025-11-10 17:48:01] [DEBUG]: handle_read() 缓冲区大小：36
[2025-11-10 17:48:01] [DEBUG]: handle_read() 入读数据长度：36
[2025-11-10 17:48:01] [DEBUG]: try_one_request() 命令解析成功
[2025-11-10 17:48:01] [DEBUG]: h_lookup() 哈希表为空，查找失败。
[2025-11-10 17:48:01] [DEBUG]: h_lookup() 哈希表为空，查找失败。
[2025-11-10 17:48:01] [DEBUG]: h_lookup() 哈希表为空，查找失败。
[2025-11-10 17:48:01] [ERROR]: try_one_request() 连接id为1的连接输入缓冲区数据不够首部长度
[2025-11-10 17:48:01] [DEBUG]: handle_write() 连接id为1的连接写入缓冲区为空
[2025-11-10 17:48:01] [DEBUG]: 连接关闭 id为1 fd为5
[2025-11-10 17:48:17] [DEBUG]: handle_accept() 新连接ip:127.0.0.1 端口:36880
[2025-11-10 17:48:17] [DEBUG]: handle_read() 缓冲区大小：36
[2025-11-10 17:48:17] [DEBUG]: handle_read() 入读数据长度：36
[2025-11-10 17:48:17] [DEBUG]: try_one_request() 命令解析成功
[2025-11-10 17:48:17] [DEBUG]: h_lookup() 哈希表为空，查找失败。
[2025-11-10 17:48:17] [ERROR]: try_one_request() 连接id为2的连接输入缓冲区数据不够首部长度
[2025-11-10 17:48:17] [DEBUG]: 连接关闭 id为2 fd为5
[2025-11-10 17:48:26] [DEBUG]: handle_accept() 新连接ip:127.0.0.1 端口:49760
[2025-11-10 17:48:26] [DEBUG]: handle_read() 缓冲区大小：36
[2025-11-10 17:48:26] [DEBUG]: handle_read() 入读数据长度：36
[2025-11-10 17:48:26] [DEBUG]: try_one_request() 命令解析成功
[2025-11-10 17:48:26] [ERROR]: try_one_request() 连接id为3的连接输入缓冲区数据不够首部长度
[2025-11-10 17:48:26] [DEBUG]: 连接关闭 id为3 fd为5
[2025-11-10 17:48:39] [DEBUG]: handle_accept() 新连接ip:127.0.0.1 端口:34182
[2025-11-10 17:48:39] [DEBUG]: handle_read() 缓冲区大小：25
[2025-11-10 17:48:39] [DEBUG]: handle_read() 入读数据长度：25
[2025-11-10 17:48:39] [DEBUG]: try_one_request() 命令解析成功
[2025-11-10 17:48:39] [ERROR]: try_one_request() 连接id为4的连接输入缓冲区数据不够首部长度
[2025-11-10 17:48:39] [DEBUG]: 连接关闭 id为4 fd为5
[2025-11-10 17:49:40] [DEBUG]: CommandDispatcher()  注册所有命令成功
[2025-11-10 17:49:40] [DEBUG]: Redis 服务器开始运行
[2025-11-10 17:49:49] [DEBUG]: handle_accept() 新连接ip:127.0.0.1 端口:39682
[2025-11-10 17:49:49] [DEBUG]: handle_read() 缓冲区大小：36
[2025-11-10 17:49:49] [DEBUG]: handle_read() 入读数据长度：36
[2025-11-10 17:49:49] [DEBUG]: try_one_request() 命令解析成功
[2025-11-10 17:49:49] [DEBUG]: h_lookup() 哈希表为空，查找失败。
[2025-11-10 17:49:49] [DEBUG]: h_lookup() 哈希表为空，查找失败。
[2025-11-10 17:49:49] [DEBUG]: h_lookup() 哈希表为空，查找失败。
[2025-11-10 17:49:49] [ERROR]: try_one_request() 连接id为1的连接输入缓冲区数据不够首部长度
[2025-11-10 17:49:49] [DEBUG]: handle_write() 连接id为1的连接写入缓冲区为空
[2025-11-10 17:49:49] [DEBUG]: 连接关闭 id为1 fd为5
[2025-11-10 17:49:53] [DEBUG]: handle_accept() 新连接ip:127.0.0.1 端口:39694
[2025-11-10 17:49:53] [DEBUG]: handle_read() 缓冲区大小：36
[2025-11-10 17:49:53] [DEBUG]: handle_read() 入读数据长度：36
[2025-11-10 17:49:53] [DEBUG]: try_one_request() 命令解析成功
[2025-11-10 17:49:53] [DEBUG]: h_lookup() 哈希表为空，查找失败。
[2025-11-10 17:49:53] [ERROR]: try_one_request() 连接id为2的连接输入缓冲区数据不够首部长度
[2025-11-10 17:49:53] [DEBUG]: 连接关闭 id为2 fd为5
[2025-11-10 17:50:07] [DEBUG]: handle_accept() 新连接ip:127.0.0.1 端口:60448
[2025-11-10 17:50:07] [DEBUG]: handle_read() 缓冲区大小：31
[2025-11-10 17:50:07] [DEBUG]: handle_read() 入读数据长度：31
[2025-11-10 17:50:07] [DEBUG]: try_one_request() 命令解析成功
[2025-11-10 17:50:07] [ERROR]: try_one_request() 连接id为3的连接输入缓冲区数据不够首部长度
[2025-11-10 17:50:07] [DEBUG]: 连接关闭 id为3 fd为5
[2025-11-10 17:50:25] [DEBUG]: handle_accept() 新连接ip:127.0.0.1 端口:42224
[2025-11-10 17:50:25] [DEBUG]: handle_read() 缓冲区大小：32
[2025-11-10 17:50:25] [DEBUG]: handle_read() 入读数据长度：32
[2025-11-10 17:50:25] [DEBUG]: try_one_request() 命令解析成功
[2025-11-10 17:50:25] [ERROR]: try_one_request() 连接id为4的连接输入缓冲区数据不够首部长度
[2025-11-10 17:50:25] [DEBUG]: 连接关闭 id为4 fd为5
[2025-11-10 17:50:36] [DEBUG]: handle_accept() 新连接ip:127.0.0.1 端口:46782
[2025-11-10 17:50:36] [DEBUG]: handle_read() 缓冲区大小：25
[2025-11-10 17:50:36] [DEBUG]: handle_read() 入读数据长度：25
[2025-11-10 17:50:36] [DEBUG]: try_one_request() 命令解析成功
[2025-11-10 17:57:00] [DEBUG]: CommandDispatcher()  注册所有命令成功
[2025-11-10 17:57:00] [DEBUG]: Redis 服务器开始运行
[2025-11-10 17:57:15] [DEBUG]: handle_accept() 新连接ip:127.0.0.1 端口:34426
[2025-11-10 17:57:15] [DEBUG]: handle_read() 缓冲区大小：36
[2025-11-10 17:57:15] [DEBUG]: handle_read() 入读数据长度：36
[2025-11-10 17:57:15] [DEBUG]: try_one_request() 命令解析成功
[2025-11-10 17:57:15] [DEBUG]: h_lookup() 哈希表为空，查找失败。
[2025-11-10 17:57:15] [DEBUG]: h_lookup() 哈希表为空，查找失败。
[2025-11-10 17:57:15] [DEBUG]: h_lookup() 哈希表为空，查找失败。
[2025-11-10 17:57:15] [ERROR]: try_one_request() 连接id为1的连接输入缓冲区数据不够首部长度
[2025-11-10 17:57:15] [DEBUG]: handle_write() 连接id为1的连接写入缓冲区为空
[2025-11-10 17:57:15] [DEBUG]: 连接关闭 id为1 fd为5
[2025-11-10 17:57:18] [DEBUG]: handle_accept() 新连接ip:127.0.0.1 端口:36132
[2025-11-10 17:57:18] [DEBUG]: handle_read() 缓冲区大小：36
[2025-11-10 17:57:18] [DEBUG]: handle_read() 入读数据长度：36
[2025-11-10 17:57:18] [DEBUG]: try_one_request() 命令解析成功
[2025-11-10 17:57:18] [DEBUG]: h_lookup() 哈希表为空，查找失败。
[2025-11-10 17:57:18] [ERROR]: try_one_request() 连接id为2的连接输入缓冲区数据不够首部长度
[2025-11-10 17:57:18] [DEBUG]: 连接关闭 id为2 fd为5
[2025-11-10 17:57:24] [DEBUG]: handle_accept() 新连接ip:127.0.0.1 端口:36144
[2025-11-10 17:57:24] [DEBUG]: handle_read() 缓冲区大小：36
[2025-11-10 17:57:24] [DEBUG]: handle_read() 入读数据长度：36
[2025-11-10 17:57:24] [DEBUG]: try_one_request() 命令解析成功
[2025-11-10 17:59:56] [DEBUG]: CommandDispatcher()  注册所有命令成功
[2025-11-10 17:59:56] [DEBUG]: Redis 服务器开始运行
[2025-11-10 18:00:12] [DEBUG]: handle_accept() 新连接ip:127.0.0.1 端口:44200
[2025-11-10 18:00:12] [DEBUG]: handle_read() 缓冲区大小：36
[2025-11-10 18:00:12] [DEBUG]: handle_read() 入读数据长度：36
[2025-11-10 18:00:12] [DEBUG]: try_one_request() 命令解析成功
[2025-11-10 18:00:12] [DEBUG]: h_lookup() 哈希表为空，查找失败。
[2025-11-10 18:00:12] [DEBUG]: h_lookup() 哈希表为空，查找失败。
[2025-11-10 18:00:12] [DEBUG]: h_lookup() 哈希表为空，查找失败。
[2025-11-10 18:00:12] [ERROR]: try_one_request() 连接id为1的连接输入缓冲区数据不够首部长度
[2025-11-10 18:00:12] [DEBUG]: handle_write() 连接id为1的连接写入缓冲区为空
[2025-11-10 18:00:12] [DEBUG]: 连接关闭 id为1 fd为5
[2025-11-10 18:00:16] [DEBUG]: handle_accept() 新连接ip:127.0.0.1 端口:37500
[2025-11-10 18:00:16] [DEBUG]: handle_read() 缓冲区大小：36
[2025-11-10 18:00:16] [DEBUG]: handle_read() 入读数据长度：36
[2025-11-10 18:00:16] [DEBUG]: try_one_request() 命令解析成功
[2025-11-10 18:00:16] [DEBUG]: h_lookup() 哈希表为空，查找失败。
[2025-11-10 18:00:16] [ERROR]: try_one_request() 连接id为2的连接输入缓冲区数据不够首部长度
[2025-11-10 18:00:16] [DEBUG]: 连接关闭 id为2 fd为5
[2025-11-10 18:00:20] [DEBUG]: handle_accept() 新连接ip:127.0.0.1 端口:37510
[2025-11-10 18:00:20] [DEBUG]: handle_read() 缓冲区大小：36
[2025-11-10 18:00:20] [DEBUG]: handle_read() 入读数据长度：36
[2025-11-10 18:00:20] [DEBUG]: try_one_request() 命令解析成功
[2025-11-10 18:00:20] [ERROR]: try_one_request() 连接id为3的连接输入缓冲区数据不够首部长度
[2025-11-10 18:00:20] [DEBUG]: 连接关闭 id为3 fd为5
[2025-11-10 18:00:31] [DEBUG]: handle_accept() 新连接ip:127.0.0.1 端口:37500
[2025-11-10 18:00:31] [DEBUG]: handle_read() 缓冲区大小：25
[2025-11-10 18:00:31] [DEBUG]: handle_read() 入读数据长度：25
[2025-11-10 18:00:31] [DEBUG]: try_one_request() 命令解析成功
[2025-11-10 18:00:31] [ERROR]: try_one_request() 连接id为4的连接输入缓冲区数据不够首部长度
[2025-11-10 18:00:31] [DEBUG]: 连接关闭 id为4 fd为5
[2025-11-10 18:01:07] [DEBUG]: handle_accept() 新连接ip:127.0.0.1 端口:49154
[2025-11-10 18:01:07] [DEBUG]: handle_read() 缓冲区大小：31
[2025-11-10 18:01:07] [DEBUG]: handle_read() 入读数据长度：31
[2025-11-10 18:01:07] [DEBUG]: try_one_request() 命令解析成功
[2025-11-10 18:01:07] [ERROR]: try_one_request() 连接id为5的连接输入缓冲区数据不够首部长度
[2025-11-10 18:01:07] [DEBUG]: 连接关闭 id为5 fd为5
[2025-11-10 18:01:10] [DEBUG]: handle_accept() 新连接ip:127.0.0.1 端口:49164
[2025-11-10 18:01:10] [DEBUG]: handle_read() 缓冲区大小：25
[2025-11-10 18:01:10] [DEBUG]: handle_read() 入读数据长度：25
[2025-11-10 18:01:10] [DEBUG]: try_one_request() 命令解析成功
[2025-11-10 18:01:10] [ERROR]: try_one_request() 连接id为6的连接输入缓冲区数据不够首部长度
[2025-11-10 18:01:10] [DEBUG]: 连接关闭 id为6 fd为5
[2025-11-10 18:01:18] [DEBUG]: handle_accept() 新连接ip:127.0.0.1 端口:34914
[2025-11-10 18:01:18] [DEBUG]: handle_read() 缓冲区大小：31
[2025-11-10 18:01:18] [DEBUG]: handle_read() 入读数据长度：31
[2025-11-10 18:01:18] [DEBUG]: try_one_request() 命令解析成功
[2025-11-10 18:01:18] [ERROR]: try_one_request() 连接id为7的连接输入缓冲区数据不够首部长度
[2025-11-10 18:01:18] [DEBUG]: 连接关闭 id为7 fd为5
[2025-11-10 18:01:20] [DEBUG]: handle_accept() 新连接ip:127.0.0.1 端口:34930
[2025-11-10 18:01:20] [DEBUG]: handle_read() 缓冲区大小：25
[2025-11-10 18:01:20] [DEBUG]: handle_read() 入读数据长度：25
[2025-11-10 18:01:20] [DEBUG]: try_one_request() 命令解析成功
[2025-11-10 18:01:20] [ERROR]: try_one_request() 连接id为8的连接输入缓冲区数据不够首部长度
[2025-11-10 18:01:20] [DEBUG]: 连接关闭 id为8 fd为5
[2025-11-10 18:02:43] [DEBUG]: handle_accept() 新连接ip:127.0.0.1 端口:59086
[2025-11-10 18:02:43] [DEBUG]: handle_read() 缓冲区大小：37
[2025-11-10 18:02:43] [DEBUG]: handle_read() 入读数据长度：37
[2025-11-10 18:02:43] [DEBUG]: try_one_request() 命令解析成功
[2025-11-10 18:02:43] [ERROR]: try_one_request() 连接id为9的连接输入缓冲区数据不够首部长度
[2025-11-10 18:02:43] [DEBUG]: 连接关闭 id为9 fd为5
[2025-11-10 18:02:51] [DEBUG]: handle_accept() 新连接ip:127.0.0.1 端口:50174
[2025-11-10 18:02:51] [DEBUG]: handle_read() 缓冲区大小：37
[2025-11-10 18:02:51] [DEBUG]: handle_read() 入读数据长度：37
[2025-11-10 18:02:51] [DEBUG]: try_one_request() 命令解析成功
[2025-11-10 18:02:51] [ERROR]: try_one_request() 连接id为10的连接输入缓冲区数据不够首部长度
[2025-11-10 18:02:51] [DEBUG]: 连接关闭 id为10 fd为5
