[2025-09-26 12:28:46] [DEBUG]: 这是一条调试信息
[2025-09-26 12:28:46] [INFO]: 这是一条信息日志
[2025-09-26 12:28:46] [WARNING]: 这是一条警告信息
[2025-09-26 12:28:46] [ERROR]: 这是一条错误信息
[2025-09-26 12:28:46] [FATAL]: 这是一条严重错误信息
[2025-09-26 13:30:56] [DEBUG]: 测试debug1
[2025-09-26 13:32:32] [DEBUG]: 测试debug0
[2025-09-26 13:32:32] [DEBUG]: 测试debug1
[2025-09-26 13:32:32] [DEBUG]: 测试debug2
[2025-09-26 13:32:32] [DEBUG]: 测试debug3
[2025-09-26 13:32:32] [DEBUG]: 测试debug4
[2025-09-26 13:32:32] [DEBUG]: 测试debug5
[2025-09-26 13:32:32] [DEBUG]: 测试debug6
[2025-09-26 13:32:32] [DEBUG]: 测试debug7
[2025-09-26 13:32:32] [DEBUG]: 测试debug8
[2025-09-26 13:32:32] [DEBUG]: 测试debug9
[2025-09-26 13:32:32] [DEBUG]: 测试debug10
[2025-09-26 13:32:32] [DEBUG]: 测试debug11
[2025-09-26 13:32:32] [DEBUG]: 测试debug12
[2025-09-26 13:32:32] [DEBUG]: 测试debug13
[2025-09-26 13:32:32] [DEBUG]: 测试debug14
[2025-09-26 13:32:32] [DEBUG]: 测试debug15
[2025-09-26 13:32:32] [DEBUG]: 测试debug16
[2025-09-26 13:32:32] [DEBUG]: 测试debug17
[2025-09-26 13:32:32] [DEBUG]: 测试debug18
[2025-09-26 13:32:32] [DEBUG]: 测试debug19
[2025-09-26 13:32:32] [DEBUG]: 测试debug20
[2025-09-26 13:32:32] [DEBUG]: 测试debug21
[2025-09-26 13:32:32] [DEBUG]: 测试debug22
[2025-09-26 13:32:32] [DEBUG]: 测试debug23
[2025-09-26 13:32:32] [DEBUG]: 测试debug24
[2025-09-26 13:32:32] [DEBUG]: 测试debug25
[2025-09-26 13:32:32] [DEBUG]: 测试debug26
[2025-09-26 13:32:32] [DEBUG]: 测试debug27
[2025-09-26 13:32:32] [DEBUG]: 测试debug28
[2025-09-26 13:32:32] [DEBUG]: 测试debug29
[2025-09-26 13:46:13] [INFO]: 测试debug0
[2025-09-26 13:46:13] [INFO]: 测试debug1
[2025-09-26 13:46:13] [INFO]: 测试debug2
[2025-09-26 13:46:13] [INFO]: 测试debug3
[2025-09-26 13:46:13] [INFO]: 测试debug4
[2025-09-26 13:46:13] [INFO]: 测试debug5
[2025-09-26 13:46:13] [INFO]: 测试debug6
[2025-09-26 13:46:13] [INFO]: 测试debug7
[2025-09-26 13:46:13] [INFO]: 测试debug8
[2025-09-26 13:46:13] [INFO]: 测试debug9
[2025-09-26 13:46:13] [INFO]: 测试debug10
[2025-09-26 13:46:13] [INFO]: 测试debug11
[2025-09-26 13:46:13] [INFO]: 测试debug12
[2025-09-26 13:46:13] [INFO]: 测试debug13
[2025-09-26 13:46:13] [INFO]: 测试debug14
[2025-09-26 13:46:13] [INFO]: 测试debug15
[2025-09-26 13:46:13] [INFO]: 测试debug16
[2025-09-26 13:46:13] [INFO]: 测试debug17
[2025-09-26 13:46:13] [INFO]: 测试debug18
[2025-09-26 13:46:13] [INFO]: 测试debug19
[2025-09-26 13:46:13] [INFO]: 测试debug20
[2025-09-26 13:46:13] [INFO]: 测试debug21
[2025-09-26 13:46:13] [INFO]: 测试debug22
[2025-09-26 13:46:13] [INFO]: 测试debug23
[2025-09-26 13:46:13] [INFO]: 测试debug24
[2025-09-26 13:46:13] [INFO]: 测试debug25
[2025-09-26 13:46:13] [INFO]: 测试debug26
[2025-09-26 13:46:13] [INFO]: 测试debug27
[2025-09-26 13:46:13] [INFO]: 测试debug28
[2025-09-26 13:46:13] [INFO]: 测试debug29
