[2025-11-06 00:06:59] [DEBUG]: CommandDispatcher()  注册所有命令成功
[2025-11-06 00:06:59] [DEBUG]: Redis 服务器开始运行
[2025-11-06 00:07:42] [DEBUG]: handle_accept() 新连接ip:127.0.0.1 端口:48430
[2025-11-06 00:07:42] [DEBUG]: handle_read() 缓冲区大小：37
[2025-11-06 00:07:42] [DEBUG]: handle_read() 入读数据长度：37
[2025-11-06 00:07:42] [DEBUG]: try_one_request() 命令解析成功
[2025-11-06 00:07:42] [DEBUG]: h_lookup() 哈希表为空，查找失败。
[2025-11-06 00:07:42] [DEBUG]: h_lookup() 哈希表为空，查找失败。
[2025-11-06 00:07:42] [DEBUG]: h_lookup() 哈希表为空，查找失败。
[2025-11-06 00:07:42] [ERROR]: try_one_request() 连接id为1的连接输入缓冲区数据不够首部长度
[2025-11-06 00:07:42] [DEBUG]: handle_write() 连接id为1的连接写入缓冲区为空
[2025-11-06 00:07:42] [DEBUG]: 连接关闭 id为1 fd为5
[2025-11-06 00:07:55] [DEBUG]: handle_accept() 新连接ip:127.0.0.1 端口:50216
[2025-11-06 00:07:55] [DEBUG]: handle_read() 缓冲区大小：37
[2025-11-06 00:07:55] [DEBUG]: handle_read() 入读数据长度：37
[2025-11-06 00:07:55] [DEBUG]: try_one_request() 命令解析成功
[2025-11-06 00:07:55] [DEBUG]: h_lookup() 哈希表为空，查找失败。
[2025-11-06 00:07:55] [ERROR]: try_one_request() 连接id为2的连接输入缓冲区数据不够首部长度
[2025-11-06 00:07:55] [DEBUG]: 连接关闭 id为2 fd为5
[2025-11-06 00:08:02] [DEBUG]: handle_accept() 新连接ip:127.0.0.1 端口:37318
[2025-11-06 00:08:02] [DEBUG]: handle_read() 缓冲区大小：37
[2025-11-06 00:08:02] [DEBUG]: handle_read() 入读数据长度：37
[2025-11-06 00:08:02] [DEBUG]: try_one_request() 命令解析成功
[2025-11-06 00:08:02] [DEBUG]: h_lookup() 哈希表为空，查找失败。
[2025-11-06 00:08:02] [ERROR]: try_one_request() 连接id为3的连接输入缓冲区数据不够首部长度
[2025-11-06 00:08:02] [DEBUG]: 连接关闭 id为3 fd为5
[2025-11-06 00:08:16] [DEBUG]: handle_accept() 新连接ip:127.0.0.1 端口:39492
[2025-11-06 00:08:16] [DEBUG]: handle_read() 缓冲区大小：32
[2025-11-06 00:08:16] [DEBUG]: handle_read() 入读数据长度：32
[2025-11-06 00:08:16] [DEBUG]: try_one_request() 命令解析成功
[2025-11-06 00:08:16] [ERROR]: try_one_request() 连接id为4的连接输入缓冲区数据不够首部长度
[2025-11-06 00:08:16] [DEBUG]: 连接关闭 id为4 fd为5
[2025-11-06 00:08:39] [DEBUG]: handle_accept() 新连接ip:127.0.0.1 端口:59764
[2025-11-06 00:08:39] [DEBUG]: handle_read() 缓冲区大小：32
[2025-11-06 00:08:39] [DEBUG]: handle_read() 入读数据长度：32
[2025-11-06 00:08:39] [DEBUG]: try_one_request() 命令解析成功
[2025-11-06 00:08:39] [ERROR]: try_one_request() 连接id为5的连接输入缓冲区数据不够首部长度
[2025-11-06 00:08:39] [DEBUG]: 连接关闭 id为5 fd为5
[2025-11-06 00:09:12] [DEBUG]: handle_accept() 新连接ip:127.0.0.1 端口:34848
[2025-11-06 00:09:12] [DEBUG]: handle_read() 缓冲区大小：37
[2025-11-06 00:09:12] [DEBUG]: handle_read() 入读数据长度：37
[2025-11-06 00:09:12] [DEBUG]: try_one_request() 命令解析成功
[2025-11-06 00:09:12] [DEBUG]: h_lookup() 哈希表为空，查找失败。
[2025-11-06 00:09:12] [ERROR]: try_one_request() 连接id为6的连接输入缓冲区数据不够首部长度
[2025-11-06 00:09:12] [DEBUG]: 连接关闭 id为6 fd为5
[2025-11-06 00:16:09] [DEBUG]: handle_accept() 新连接ip:127.0.0.1 端口:54530
[2025-11-06 00:16:09] [DEBUG]: handle_read() 缓冲区大小：37
[2025-11-06 00:16:09] [DEBUG]: handle_read() 入读数据长度：37
[2025-11-06 00:16:09] [DEBUG]: try_one_request() 命令解析成功
[2025-11-06 00:16:09] [ERROR]: try_one_request() 连接id为7的连接输入缓冲区数据不够首部长度
[2025-11-06 00:16:09] [DEBUG]: 连接关闭 id为7 fd为5
[2025-11-06 00:17:56] [DEBUG]: CommandDispatcher()  注册所有命令成功
[2025-11-06 00:17:56] [DEBUG]: Redis 服务器开始运行
[2025-11-06 00:18:15] [DEBUG]: handle_accept() 新连接ip:127.0.0.1 端口:60600
[2025-11-06 00:18:15] [DEBUG]: handle_read() 缓冲区大小：37
[2025-11-06 00:18:15] [DEBUG]: handle_read() 入读数据长度：37
[2025-11-06 00:18:15] [DEBUG]: try_one_request() 命令解析成功
[2025-11-06 00:18:15] [DEBUG]: h_lookup() 哈希表为空，查找失败。
[2025-11-06 00:18:15] [DEBUG]: h_lookup() 哈希表为空，查找失败。
[2025-11-06 00:18:15] [DEBUG]: h_lookup() 哈希表为空，查找失败。
[2025-11-06 00:18:15] [ERROR]: try_one_request() 连接id为1的连接输入缓冲区数据不够首部长度
[2025-11-06 00:18:15] [DEBUG]: handle_write() 连接id为1的连接写入缓冲区为空
[2025-11-06 00:18:15] [DEBUG]: 连接关闭 id为1 fd为5
[2025-11-06 00:18:21] [DEBUG]: handle_accept() 新连接ip:127.0.0.1 端口:39482
[2025-11-06 00:18:21] [DEBUG]: handle_read() 缓冲区大小：37
[2025-11-06 00:18:21] [DEBUG]: handle_read() 入读数据长度：37
[2025-11-06 00:18:21] [DEBUG]: try_one_request() 命令解析成功
[2025-11-06 00:18:21] [DEBUG]: h_lookup() 哈希表为空，查找失败。
[2025-11-06 00:18:21] [ERROR]: try_one_request() 连接id为2的连接输入缓冲区数据不够首部长度
[2025-11-06 00:18:21] [DEBUG]: 连接关闭 id为2 fd为5
[2025-11-06 00:18:27] [DEBUG]: handle_accept() 新连接ip:127.0.0.1 端口:58722
[2025-11-06 00:18:27] [DEBUG]: handle_read() 缓冲区大小：37
[2025-11-06 00:18:27] [DEBUG]: handle_read() 入读数据长度：37
[2025-11-06 00:18:27] [DEBUG]: try_one_request() 命令解析成功
[2025-11-06 00:18:27] [DEBUG]: h_lookup() 哈希表为空，查找失败。
[2025-11-06 00:18:27] [ERROR]: try_one_request() 连接id为3的连接输入缓冲区数据不够首部长度
[2025-11-06 00:18:27] [DEBUG]: 连接关闭 id为3 fd为5
[2025-11-06 00:18:46] [DEBUG]: handle_accept() 新连接ip:127.0.0.1 端口:49208
[2025-11-06 00:18:46] [DEBUG]: handle_read() 缓冲区大小：37
[2025-11-06 00:18:46] [DEBUG]: handle_read() 入读数据长度：37
[2025-11-06 00:18:46] [DEBUG]: try_one_request() 命令解析成功
[2025-11-06 00:18:46] [ERROR]: try_one_request() 连接id为4的连接输入缓冲区数据不够首部长度
[2025-11-06 00:18:46] [DEBUG]: 连接关闭 id为4 fd为5
[2025-11-06 00:23:43] [DEBUG]: CommandDispatcher()  注册所有命令成功
[2025-11-06 00:23:43] [DEBUG]: Redis 服务器开始运行
[2025-11-06 00:24:02] [DEBUG]: handle_accept() 新连接ip:127.0.0.1 端口:34720
[2025-11-06 00:24:02] [DEBUG]: handle_read() 缓冲区大小：37
[2025-11-06 00:24:02] [DEBUG]: handle_read() 入读数据长度：37
[2025-11-06 00:24:02] [DEBUG]: try_one_request() 命令解析成功
[2025-11-06 00:24:02] [DEBUG]: h_lookup() 哈希表为空，查找失败。
[2025-11-06 00:24:02] [DEBUG]: h_lookup() 哈希表为空，查找失败。
[2025-11-06 00:24:02] [DEBUG]: h_lookup() 哈希表为空，查找失败。
[2025-11-06 00:24:02] [ERROR]: try_one_request() 连接id为1的连接输入缓冲区数据不够首部长度
[2025-11-06 00:24:02] [DEBUG]: handle_write() 连接id为1的连接写入缓冲区为空
[2025-11-06 00:24:02] [DEBUG]: 连接关闭 id为1 fd为5
[2025-11-06 00:24:10] [DEBUG]: handle_accept() 新连接ip:127.0.0.1 端口:35798
[2025-11-06 00:24:10] [DEBUG]: handle_read() 缓冲区大小：37
[2025-11-06 00:24:10] [DEBUG]: handle_read() 入读数据长度：37
[2025-11-06 00:24:10] [DEBUG]: try_one_request() 命令解析成功
[2025-11-06 00:24:10] [DEBUG]: h_lookup() 哈希表为空，查找失败。
[2025-11-06 00:24:10] [ERROR]: try_one_request() 连接id为2的连接输入缓冲区数据不够首部长度
[2025-11-06 00:24:10] [DEBUG]: 连接关闭 id为2 fd为5
[2025-11-06 00:24:16] [DEBUG]: handle_accept() 新连接ip:127.0.0.1 端口:35814
[2025-11-06 00:24:16] [DEBUG]: handle_read() 缓冲区大小：37
[2025-11-06 00:24:16] [DEBUG]: handle_read() 入读数据长度：37
[2025-11-06 00:24:16] [DEBUG]: try_one_request() 命令解析成功
[2025-11-06 00:24:16] [DEBUG]: h_lookup() 哈希表为空，查找失败。
[2025-11-06 00:24:16] [ERROR]: try_one_request() 连接id为3的连接输入缓冲区数据不够首部长度
[2025-11-06 00:24:16] [DEBUG]: 连接关闭 id为3 fd为5
[2025-11-06 00:24:29] [DEBUG]: handle_accept() 新连接ip:127.0.0.1 端口:52082
[2025-11-06 00:24:29] [DEBUG]: handle_read() 缓冲区大小：37
[2025-11-06 00:24:29] [DEBUG]: handle_read() 入读数据长度：37
[2025-11-06 00:24:29] [DEBUG]: try_one_request() 命令解析成功
[2025-11-06 00:24:29] [ERROR]: try_one_request() 连接id为4的连接输入缓冲区数据不够首部长度
[2025-11-06 00:24:29] [DEBUG]: 连接关闭 id为4 fd为5
[2025-11-06 00:25:00] [DEBUG]: handle_accept() 新连接ip:127.0.0.1 端口:35766
[2025-11-06 00:25:00] [DEBUG]: handle_read() 缓冲区大小：23
[2025-11-06 00:25:00] [DEBUG]: handle_read() 入读数据长度：23
[2025-11-06 00:25:00] [DEBUG]: try_one_request() 命令解析成功
[2025-11-06 00:25:00] [ERROR]: execute_command() 未知命令:ZRANG
[2025-11-06 00:25:00] [ERROR]: try_one_request() 连接id为5的连接输入缓冲区数据不够首部长度
[2025-11-06 00:25:00] [DEBUG]: 连接关闭 id为5 fd为5
[2025-11-06 00:25:14] [DEBUG]: handle_accept() 新连接ip:127.0.0.1 端口:42652
[2025-11-06 00:25:14] [DEBUG]: handle_read() 缓冲区大小：32
[2025-11-06 00:25:14] [DEBUG]: handle_read() 入读数据长度：32
[2025-11-06 00:25:14] [DEBUG]: try_one_request() 命令解析成功
[2025-11-06 00:25:14] [ERROR]: execute_command() 未知命令:ZRANG
[2025-11-06 00:25:14] [ERROR]: try_one_request() 连接id为6的连接输入缓冲区数据不够首部长度
[2025-11-06 00:25:14] [DEBUG]: 连接关闭 id为6 fd为5
[2025-11-06 00:25:27] [DEBUG]: handle_accept() 新连接ip:127.0.0.1 端口:51666
[2025-11-06 00:25:27] [DEBUG]: handle_read() 缓冲区大小：33
[2025-11-06 00:25:27] [DEBUG]: handle_read() 入读数据长度：33
[2025-11-06 00:25:27] [DEBUG]: try_one_request() 命令解析成功
[2025-11-06 00:25:27] [ERROR]: execute_command() 命令参数数量不对 'ZRANGE'
[2025-11-06 00:25:27] [ERROR]: try_one_request() 连接id为7的连接输入缓冲区数据不够首部长度
[2025-11-06 00:25:27] [DEBUG]: 连接关闭 id为7 fd为5
[2025-11-06 00:25:49] [DEBUG]: handle_accept() 新连接ip:127.0.0.1 端口:60934
[2025-11-06 00:25:49] [DEBUG]: handle_read() 缓冲区大小：32
[2025-11-06 00:25:49] [DEBUG]: handle_read() 入读数据长度：32
[2025-11-06 00:25:49] [DEBUG]: try_one_request() 命令解析成功
[2025-11-06 00:25:49] [ERROR]: try_one_request() 连接id为8的连接输入缓冲区数据不够首部长度
[2025-11-06 00:25:49] [DEBUG]: 连接关闭 id为8 fd为5
[2025-11-06 00:26:05] [DEBUG]: handle_accept() 新连接ip:127.0.0.1 端口:49714
[2025-11-06 00:26:05] [DEBUG]: handle_read() 缓冲区大小：36
[2025-11-06 00:26:05] [DEBUG]: handle_read() 入读数据长度：36
[2025-11-06 00:26:05] [DEBUG]: try_one_request() 命令解析成功
[2025-11-06 00:26:05] [DEBUG]: h_lookup() 哈希表为空，查找失败。
[2025-11-06 00:26:05] [ERROR]: try_one_request() 连接id为9的连接输入缓冲区数据不够首部长度
[2025-11-06 00:26:05] [DEBUG]: 连接关闭 id为9 fd为5
[2025-11-06 00:26:11] [DEBUG]: handle_accept() 新连接ip:127.0.0.1 端口:39318
[2025-11-06 00:26:11] [DEBUG]: handle_read() 缓冲区大小：32
[2025-11-06 00:26:11] [DEBUG]: handle_read() 入读数据长度：32
[2025-11-06 00:26:11] [DEBUG]: try_one_request() 命令解析成功
[2025-11-06 00:26:11] [ERROR]: try_one_request() 连接id为10的连接输入缓冲区数据不够首部长度
[2025-11-06 00:26:11] [DEBUG]: 连接关闭 id为10 fd为5
[2025-11-06 00:26:21] [DEBUG]: handle_accept() 新连接ip:127.0.0.1 端口:57194
[2025-11-06 00:26:21] [DEBUG]: handle_read() 缓冲区大小：32
[2025-11-06 00:26:21] [DEBUG]: handle_read() 入读数据长度：32
[2025-11-06 00:26:21] [DEBUG]: try_one_request() 命令解析成功
[2025-11-06 00:26:21] [ERROR]: try_one_request() 连接id为11的连接输入缓冲区数据不够首部长度
[2025-11-06 00:26:21] [DEBUG]: 连接关闭 id为11 fd为5
[2025-11-06 00:27:38] [DEBUG]: handle_accept() 新连接ip:127.0.0.1 端口:60614
[2025-11-06 00:27:38] [DEBUG]: handle_read() 缓冲区大小：37
[2025-11-06 00:27:38] [DEBUG]: handle_read() 入读数据长度：37
[2025-11-06 00:27:38] [DEBUG]: try_one_request() 命令解析成功
[2025-11-06 00:27:38] [ERROR]: try_one_request() 连接id为12的连接输入缓冲区数据不够首部长度
[2025-11-06 00:27:38] [DEBUG]: 连接关闭 id为12 fd为5
[2025-11-06 00:29:01] [DEBUG]: handle_accept() 新连接ip:127.0.0.1 端口:48430
[2025-11-06 00:29:01] [DEBUG]: handle_read() 缓冲区大小：37
[2025-11-06 00:29:01] [DEBUG]: handle_read() 入读数据长度：37
[2025-11-06 00:29:01] [DEBUG]: try_one_request() 命令解析成功
[2025-11-06 00:29:01] [ERROR]: try_one_request() 连接id为13的连接输入缓冲区数据不够首部长度
[2025-11-06 00:29:01] [DEBUG]: 连接关闭 id为13 fd为5
[2025-11-06 00:29:12] [DEBUG]: handle_accept() 新连接ip:127.0.0.1 端口:58214
[2025-11-06 00:29:12] [DEBUG]: handle_read() 缓冲区大小：37
[2025-11-06 00:29:12] [DEBUG]: handle_read() 入读数据长度：37
[2025-11-06 00:29:12] [DEBUG]: try_one_request() 命令解析成功
[2025-11-06 00:29:12] [ERROR]: try_one_request() 连接id为14的连接输入缓冲区数据不够首部长度
[2025-11-06 00:29:12] [DEBUG]: 连接关闭 id为14 fd为5
[2025-11-06 00:29:47] [DEBUG]: handle_accept() 新连接ip:127.0.0.1 端口:41176
[2025-11-06 00:29:47] [DEBUG]: handle_read() 缓冲区大小：36
[2025-11-06 00:29:47] [DEBUG]: handle_read() 入读数据长度：36
[2025-11-06 00:29:47] [DEBUG]: try_one_request() 命令解析成功
[2025-11-06 00:29:47] [DEBUG]: h_lookup() 哈希表为空，查找失败。
[2025-11-06 00:29:47] [ERROR]: try_one_request() 连接id为15的连接输入缓冲区数据不够首部长度
[2025-11-06 00:29:47] [DEBUG]: 连接关闭 id为15 fd为5
[2025-11-06 00:29:52] [DEBUG]: handle_accept() 新连接ip:127.0.0.1 端口:41178
[2025-11-06 00:29:52] [DEBUG]: handle_read() 缓冲区大小：37
[2025-11-06 00:29:52] [DEBUG]: handle_read() 入读数据长度：37
[2025-11-06 00:29:52] [DEBUG]: try_one_request() 命令解析成功
[2025-11-06 00:29:52] [ERROR]: try_one_request() 连接id为16的连接输入缓冲区数据不够首部长度
[2025-11-06 00:29:52] [DEBUG]: 连接关闭 id为16 fd为5
[2025-11-06 00:30:49] [DEBUG]: handle_accept() 新连接ip:127.0.0.1 端口:57616
[2025-11-06 00:30:49] [DEBUG]: handle_read() 缓冲区大小：32
[2025-11-06 00:30:49] [DEBUG]: handle_read() 入读数据长度：32
[2025-11-06 00:30:49] [DEBUG]: try_one_request() 命令解析成功
[2025-11-06 00:30:49] [ERROR]: try_one_request() 连接id为17的连接输入缓冲区数据不够首部长度
[2025-11-06 00:30:49] [DEBUG]: 连接关闭 id为17 fd为5
[2025-11-06 00:40:14] [DEBUG]: CommandDispatcher()  注册所有命令成功
[2025-11-06 00:40:14] [DEBUG]: Redis 服务器开始运行
[2025-11-06 00:40:30] [DEBUG]: handle_accept() 新连接ip:127.0.0.1 端口:45850
[2025-11-06 00:40:30] [DEBUG]: handle_read() 缓冲区大小：37
[2025-11-06 00:40:30] [DEBUG]: handle_read() 入读数据长度：37
[2025-11-06 00:40:30] [DEBUG]: try_one_request() 命令解析成功
[2025-11-06 00:40:30] [DEBUG]: h_lookup() 哈希表为空，查找失败。
[2025-11-06 00:40:30] [DEBUG]: h_lookup() 哈希表为空，查找失败。
[2025-11-06 00:40:30] [DEBUG]: h_lookup() 哈希表为空，查找失败。
[2025-11-06 00:40:30] [ERROR]: try_one_request() 连接id为1的连接输入缓冲区数据不够首部长度
[2025-11-06 00:40:30] [DEBUG]: handle_write() 连接id为1的连接写入缓冲区为空
[2025-11-06 00:40:30] [DEBUG]: 连接关闭 id为1 fd为5
[2025-11-06 00:40:35] [DEBUG]: handle_accept() 新连接ip:127.0.0.1 端口:45858
[2025-11-06 00:40:35] [DEBUG]: handle_read() 缓冲区大小：37
[2025-11-06 00:40:35] [DEBUG]: handle_read() 入读数据长度：37
[2025-11-06 00:40:35] [DEBUG]: try_one_request() 命令解析成功
[2025-11-06 00:40:35] [DEBUG]: h_lookup() 哈希表为空，查找失败。
[2025-11-06 00:40:35] [ERROR]: try_one_request() 连接id为2的连接输入缓冲区数据不够首部长度
[2025-11-06 00:40:35] [DEBUG]: 连接关闭 id为2 fd为5
[2025-11-06 00:40:41] [DEBUG]: handle_accept() 新连接ip:127.0.0.1 端口:47126
[2025-11-06 00:40:41] [DEBUG]: handle_read() 缓冲区大小：37
[2025-11-06 00:40:41] [DEBUG]: handle_read() 入读数据长度：37
[2025-11-06 00:40:41] [DEBUG]: try_one_request() 命令解析成功
[2025-11-06 00:40:41] [DEBUG]: h_lookup() 哈希表为空，查找失败。
[2025-11-06 00:40:41] [ERROR]: try_one_request() 连接id为3的连接输入缓冲区数据不够首部长度
[2025-11-06 00:40:41] [DEBUG]: 连接关闭 id为3 fd为5
[2025-11-06 00:40:59] [DEBUG]: handle_accept() 新连接ip:127.0.0.1 端口:40822
[2025-11-06 00:40:59] [DEBUG]: handle_read() 缓冲区大小：37
[2025-11-06 00:40:59] [DEBUG]: handle_read() 入读数据长度：37
[2025-11-06 00:40:59] [DEBUG]: try_one_request() 命令解析成功
[2025-11-06 00:40:59] [ERROR]: try_one_request() 连接id为4的连接输入缓冲区数据不够首部长度
[2025-11-06 00:40:59] [DEBUG]: 连接关闭 id为4 fd为5
