[2025-10-14 17:08:18] [DEBUG]: CommandDispatcher()  注册所有命令成功
[2025-10-14 17:08:18] [DEBUG]: Redis 服务器开始运行
[2025-10-14 17:08:52] [DEBUG]: handle_accept() 新连接ip:127.0.0.1 端口:58184
[2025-10-14 17:08:52] [DEBUG]: handle_read() 缓冲区大小：30
[2025-10-14 17:08:52] [DEBUG]: handle_read() 入读数据长度：30
[2025-10-14 17:08:52] [DEBUG]: try_one_request() 命令解析成功
[2025-10-14 17:08:52] [DEBUG]: h_lookup() 哈希表为空，查找失败。
[2025-10-14 17:08:52] [ERROR]: try_one_request() 连接id为1的连接输入缓冲区数据不够首部长度
[2025-10-14 17:08:52] [DEBUG]: handle_write() 连接id为1的连接写入缓冲区为空
[2025-10-14 17:08:52] [DEBUG]: 连接关闭 id为1 fd为5
[2025-10-14 17:09:30] [DEBUG]: handle_accept() 新连接ip:127.0.0.1 端口:44588
[2025-10-14 17:09:30] [DEBUG]: handle_read() 缓冲区大小：23
[2025-10-14 17:09:30] [DEBUG]: handle_read() 入读数据长度：23
[2025-10-14 17:09:30] [DEBUG]: try_one_request() 命令解析成功
[2025-10-14 17:09:30] [ERROR]: try_one_request() 连接id为2的连接输入缓冲区数据不够首部长度
[2025-10-14 17:09:30] [DEBUG]: 连接关闭 id为2 fd为5
[2025-10-14 17:12:06] [DEBUG]: CommandDispatcher()  注册所有命令成功
[2025-10-14 17:12:06] [DEBUG]: Redis 服务器开始运行
[2025-10-14 17:12:17] [DEBUG]: handle_accept() 新连接ip:127.0.0.1 端口:46690
[2025-10-14 17:12:17] [DEBUG]: handle_read() 缓冲区大小：30
[2025-10-14 17:12:17] [DEBUG]: handle_read() 入读数据长度：30
[2025-10-14 17:12:17] [DEBUG]: try_one_request() 命令解析成功
[2025-10-14 17:12:17] [DEBUG]: h_lookup() 哈希表为空，查找失败。
[2025-10-14 17:12:17] [ERROR]: try_one_request() 连接id为1的连接输入缓冲区数据不够首部长度
[2025-10-14 17:12:17] [DEBUG]: handle_write() 连接id为1的连接写入缓冲区为空
[2025-10-14 17:12:17] [DEBUG]: 连接关闭 id为1 fd为5
[2025-10-14 17:12:21] [DEBUG]: handle_accept() 新连接ip:127.0.0.1 端口:46704
[2025-10-14 17:12:21] [DEBUG]: handle_read() 缓冲区大小：23
[2025-10-14 17:12:21] [DEBUG]: handle_read() 入读数据长度：23
[2025-10-14 17:12:21] [DEBUG]: try_one_request() 命令解析成功
[2025-10-14 17:12:21] [ERROR]: try_one_request() 连接id为2的连接输入缓冲区数据不够首部长度
[2025-10-14 17:12:21] [DEBUG]: 连接关闭 id为2 fd为5
[2025-10-14 17:41:00] [DEBUG]: CommandDispatcher()  注册所有命令成功
[2025-10-14 17:41:00] [DEBUG]: Redis 服务器开始运行
[2025-10-14 17:41:08] [DEBUG]: handle_accept() 新连接ip:127.0.0.1 端口:49778
[2025-10-14 17:41:08] [DEBUG]: handle_read() 缓冲区大小：30
[2025-10-14 17:41:08] [DEBUG]: handle_read() 入读数据长度：30
[2025-10-14 17:41:08] [DEBUG]: try_one_request() 命令解析成功
[2025-10-14 17:41:08] [DEBUG]: h_lookup() 哈希表为空，查找失败。
[2025-10-14 17:41:08] [ERROR]: try_one_request() 连接id为1的连接输入缓冲区数据不够首部长度
[2025-10-14 17:41:08] [DEBUG]: handle_write() 连接id为1的连接写入缓冲区为空
[2025-10-14 17:41:08] [DEBUG]: 连接关闭 id为1 fd为5
[2025-10-14 17:41:32] [DEBUG]: handle_accept() 新连接ip:127.0.0.1 端口:45828
[2025-10-14 17:41:32] [DEBUG]: handle_read() 缓冲区大小：23
[2025-10-14 17:41:32] [DEBUG]: handle_read() 入读数据长度：23
[2025-10-14 17:41:32] [DEBUG]: try_one_request() 命令解析成功
[2025-10-14 17:41:32] [ERROR]: try_one_request() 连接id为2的连接输入缓冲区数据不够首部长度
[2025-10-14 17:41:32] [DEBUG]: 连接关闭 id为2 fd为5
[2025-10-14 17:45:15] [DEBUG]: CommandDispatcher()  注册所有命令成功
[2025-10-14 17:45:15] [DEBUG]: Redis 服务器开始运行
[2025-10-14 17:45:24] [DEBUG]: handle_accept() 新连接ip:127.0.0.1 端口:50478
[2025-10-14 17:45:24] [DEBUG]: handle_read() 缓冲区大小：23
[2025-10-14 17:45:24] [DEBUG]: handle_read() 入读数据长度：23
[2025-10-14 17:45:24] [DEBUG]: try_one_request() 命令解析成功
[2025-10-14 17:45:24] [DEBUG]: h_lookup() 哈希表为空，查找失败。
[2025-10-14 17:45:24] [DEBUG]: 查找失败
[2025-10-14 17:45:24] [ERROR]: try_one_request() 连接id为1的连接输入缓冲区数据不够首部长度
[2025-10-14 17:45:24] [DEBUG]: handle_write() 连接id为1的连接写入缓冲区为空
[2025-10-14 17:45:24] [DEBUG]: 连接关闭 id为1 fd为5
[2025-10-14 17:45:37] [DEBUG]: handle_accept() 新连接ip:127.0.0.1 端口:34016
[2025-10-14 17:45:37] [DEBUG]: handle_read() 缓冲区大小：30
[2025-10-14 17:45:37] [DEBUG]: handle_read() 入读数据长度：30
[2025-10-14 17:45:37] [DEBUG]: try_one_request() 命令解析成功
[2025-10-14 17:45:37] [DEBUG]: h_lookup() 哈希表为空，查找失败。
[2025-10-14 17:45:37] [ERROR]: try_one_request() 连接id为2的连接输入缓冲区数据不够首部长度
[2025-10-14 17:45:37] [DEBUG]: 连接关闭 id为2 fd为5
[2025-10-14 17:46:04] [DEBUG]: handle_accept() 新连接ip:127.0.0.1 端口:56026
[2025-10-14 17:46:04] [DEBUG]: handle_read() 缓冲区大小：23
[2025-10-14 17:46:04] [DEBUG]: handle_read() 入读数据长度：23
[2025-10-14 17:46:04] [DEBUG]: try_one_request() 命令解析成功
[2025-10-14 17:46:04] [ERROR]: try_one_request() 连接id为3的连接输入缓冲区数据不够首部长度
[2025-10-14 17:46:04] [DEBUG]: 连接关闭 id为3 fd为5
[2025-10-14 17:53:01] [DEBUG]: CommandDispatcher()  注册所有命令成功
[2025-10-14 17:53:01] [DEBUG]: Redis 服务器开始运行
[2025-10-14 17:53:08] [DEBUG]: handle_accept() 新连接ip:127.0.0.1 端口:57256
[2025-10-14 17:53:08] [DEBUG]: handle_read() 缓冲区大小：30
[2025-10-14 17:53:08] [DEBUG]: handle_read() 入读数据长度：30
[2025-10-14 17:53:08] [DEBUG]: try_one_request() 命令解析成功
[2025-10-14 17:53:08] [DEBUG]: h_lookup() 哈希表为空，查找失败。
[2025-10-14 17:53:08] [ERROR]: try_one_request() 连接id为1的连接输入缓冲区数据不够首部长度
[2025-10-14 17:53:08] [DEBUG]: handle_write() 连接id为1的连接写入缓冲区为空
[2025-10-14 17:53:08] [DEBUG]: 连接关闭 id为1 fd为5
[2025-10-14 17:53:10] [DEBUG]: handle_accept() 新连接ip:127.0.0.1 端口:57258
[2025-10-14 17:53:10] [DEBUG]: handle_read() 缓冲区大小：23
[2025-10-14 17:53:10] [DEBUG]: handle_read() 入读数据长度：23
[2025-10-14 17:53:10] [DEBUG]: try_one_request() 命令解析成功
[2025-10-14 17:53:10] [DEBUG]: === 开始查找 ===
[2025-10-14 17:53:10] [DEBUG]: 查找键: name
[2025-10-14 17:53:10] [DEBUG]: *** 查找成功 - 找到节点
[2025-10-14 17:53:10] [DEBUG]: 找到的Entry信息:
[2025-10-14 17:53:10] [DEBUG]:   - 地址: 140733593896480
[2025-10-14 17:53:10] [DEBUG]:   - 键: 'name'
[2025-10-14 17:53:10] [DEBUG]:   - 值: ''
[2025-10-14 17:53:10] [DEBUG]:   - 值长度: 0
[2025-10-14 17:53:10] [DEBUG]:   - 值空检查: 1
[2025-10-14 17:53:10] [DEBUG]: 准备返回值: ''
[2025-10-14 17:53:10] [DEBUG]: === 查找结束 ===
[2025-10-14 17:53:10] [ERROR]: try_one_request() 连接id为2的连接输入缓冲区数据不够首部长度
[2025-10-14 17:53:10] [DEBUG]: 连接关闭 id为2 fd为5
[2025-10-14 18:04:37] [DEBUG]: CommandDispatcher()  注册所有命令成功
[2025-10-14 18:04:37] [DEBUG]: Redis 服务器开始运行
[2025-10-14 18:04:43] [DEBUG]: handle_accept() 新连接ip:127.0.0.1 端口:53136
[2025-10-14 18:04:43] [DEBUG]: handle_read() 缓冲区大小：30
[2025-10-14 18:04:43] [DEBUG]: handle_read() 入读数据长度：30
[2025-10-14 18:04:43] [DEBUG]: try_one_request() 命令解析成功
[2025-10-14 18:04:43] [DEBUG]: === 开始插入 ===
[2025-10-14 18:04:43] [DEBUG]: 插入键: 'name'
[2025-10-14 18:04:43] [DEBUG]: 插入值: 'wgc'
[2025-10-14 18:04:43] [DEBUG]: 值长度: 3
[2025-10-14 18:04:43] [DEBUG]: h_lookup() 哈希表为空，查找失败。
[2025-10-14 18:04:43] [ERROR]: try_one_request() 连接id为1的连接输入缓冲区数据不够首部长度
[2025-10-14 18:04:43] [DEBUG]: handle_write() 连接id为1的连接写入缓冲区为空
[2025-10-14 18:04:43] [DEBUG]: 连接关闭 id为1 fd为5
[2025-10-14 18:04:46] [DEBUG]: handle_accept() 新连接ip:127.0.0.1 端口:36616
[2025-10-14 18:04:46] [DEBUG]: handle_read() 缓冲区大小：23
[2025-10-14 18:04:46] [DEBUG]: handle_read() 入读数据长度：23
[2025-10-14 18:04:46] [DEBUG]: try_one_request() 命令解析成功
[2025-10-14 18:04:46] [DEBUG]: === 开始查找 ===
[2025-10-14 18:04:46] [DEBUG]: 查找键: name
[2025-10-14 18:04:46] [DEBUG]: *** 查找成功 - 找到节点
[2025-10-14 18:04:46] [DEBUG]: 找到的Entry信息:
[2025-10-14 18:04:46] [DEBUG]:   - 地址: 140735451753120
[2025-10-14 18:04:46] [DEBUG]:   - 键: 'name'
[2025-10-14 18:04:46] [DEBUG]:   - 值: ''
[2025-10-14 18:04:46] [DEBUG]:   - 值长度: 0
[2025-10-14 18:04:46] [DEBUG]:   - 值空检查: 1
[2025-10-14 18:04:46] [DEBUG]: 准备返回值: ''
[2025-10-14 18:04:46] [DEBUG]: === 查找结束 ===
[2025-10-14 18:04:46] [ERROR]: try_one_request() 连接id为2的连接输入缓冲区数据不够首部长度
[2025-10-14 18:04:46] [DEBUG]: 连接关闭 id为2 fd为5
[2025-10-14 18:08:34] [DEBUG]: CommandDispatcher()  注册所有命令成功
[2025-10-14 18:08:34] [DEBUG]: Redis 服务器开始运行
[2025-10-14 18:08:38] [DEBUG]: handle_accept() 新连接ip:127.0.0.1 端口:55664
[2025-10-14 18:08:38] [DEBUG]: handle_read() 缓冲区大小：30
[2025-10-14 18:08:38] [DEBUG]: handle_read() 入读数据长度：30
[2025-10-14 18:08:38] [DEBUG]: try_one_request() 命令解析成功
[2025-10-14 18:08:38] [DEBUG]: === 开始插入 ===
[2025-10-14 18:08:38] [DEBUG]: 插入键: 'name'
[2025-10-14 18:08:38] [DEBUG]: 插入值: 'wgc'
[2025-10-14 18:08:38] [DEBUG]: 值长度: 3
[2025-10-14 18:08:38] [DEBUG]: h_lookup() 哈希表为空，查找失败。
[2025-10-14 18:08:38] [ERROR]: try_one_request() 连接id为1的连接输入缓冲区数据不够首部长度
[2025-10-14 18:08:38] [DEBUG]: handle_write() 连接id为1的连接写入缓冲区为空
[2025-10-14 18:08:38] [DEBUG]: 连接关闭 id为1 fd为5
[2025-10-14 18:21:53] [DEBUG]: CommandDispatcher()  注册所有命令成功
[2025-10-14 18:21:53] [DEBUG]: Redis 服务器开始运行
[2025-10-14 18:22:02] [DEBUG]: handle_accept() 新连接ip:127.0.0.1 端口:53626
[2025-10-14 18:22:02] [DEBUG]: handle_read() 缓冲区大小：30
[2025-10-14 18:22:02] [DEBUG]: handle_read() 入读数据长度：30
[2025-10-14 18:22:02] [DEBUG]: try_one_request() 命令解析成功
[2025-10-14 18:22:02] [DEBUG]: h_lookup() 哈希表为空，查找失败。
[2025-10-14 18:22:02] [ERROR]: try_one_request() 连接id为1的连接输入缓冲区数据不够首部长度
[2025-10-14 18:22:02] [DEBUG]: handle_write() 连接id为1的连接写入缓冲区为空
[2025-10-14 18:22:02] [DEBUG]: 连接关闭 id为1 fd为5
[2025-10-14 18:22:11] [DEBUG]: handle_accept() 新连接ip:127.0.0.1 端口:50082
[2025-10-14 18:22:11] [DEBUG]: handle_read() 缓冲区大小：23
[2025-10-14 18:22:11] [DEBUG]: handle_read() 入读数据长度：23
[2025-10-14 18:22:11] [DEBUG]: try_one_request() 命令解析成功
[2025-10-14 18:22:11] [ERROR]: try_one_request() 连接id为2的连接输入缓冲区数据不够首部长度
[2025-10-14 18:22:11] [DEBUG]: 连接关闭 id为2 fd为5
[2025-10-14 18:25:33] [DEBUG]: CommandDispatcher()  注册所有命令成功
[2025-10-14 18:25:33] [DEBUG]: Redis 服务器开始运行
[2025-10-14 18:25:38] [DEBUG]: handle_accept() 新连接ip:127.0.0.1 端口:59628
[2025-10-14 18:25:38] [DEBUG]: handle_read() 缓冲区大小：30
[2025-10-14 18:25:38] [DEBUG]: handle_read() 入读数据长度：30
[2025-10-14 18:25:38] [DEBUG]: try_one_request() 命令解析成功
[2025-10-14 18:25:38] [DEBUG]: h_lookup() 哈希表为空，查找失败。
[2025-10-14 18:25:38] [ERROR]: try_one_request() 连接id为1的连接输入缓冲区数据不够首部长度
[2025-10-14 18:25:38] [DEBUG]: handle_write() 连接id为1的连接写入缓冲区为空
[2025-10-14 18:25:38] [DEBUG]: 连接关闭 id为1 fd为5
[2025-10-14 18:25:41] [DEBUG]: handle_accept() 新连接ip:127.0.0.1 端口:59632
[2025-10-14 18:25:41] [DEBUG]: handle_read() 缓冲区大小：23
[2025-10-14 18:25:41] [DEBUG]: handle_read() 入读数据长度：23
[2025-10-14 18:25:41] [DEBUG]: try_one_request() 命令解析成功
[2025-10-14 18:25:41] [ERROR]: try_one_request() 连接id为2的连接输入缓冲区数据不够首部长度
[2025-10-14 18:25:41] [DEBUG]: 连接关闭 id为2 fd为5
[2025-10-14 18:26:01] [DEBUG]: handle_accept() 新连接ip:127.0.0.1 端口:35068
[2025-10-14 18:26:01] [DEBUG]: handle_read() 缓冲区大小：20
[2025-10-14 18:26:01] [DEBUG]: handle_read() 入读数据长度：20
[2025-10-14 18:26:01] [DEBUG]: try_one_request() 命令解析成功
[2025-10-14 18:26:01] [DEBUG]: h_lookup() 哈希表为空，查找失败。
[2025-10-14 18:26:01] [DEBUG]: 查找失败
[2025-10-14 18:26:01] [ERROR]: try_one_request() 连接id为3的连接输入缓冲区数据不够首部长度
[2025-10-14 18:26:01] [DEBUG]: 连接关闭 id为3 fd为5
[2025-10-14 18:27:40] [DEBUG]: handle_accept() 新连接ip:127.0.0.1 端口:43174
[2025-10-14 18:27:40] [DEBUG]: handle_read() 缓冲区大小：23
[2025-10-14 18:27:40] [DEBUG]: handle_read() 入读数据长度：23
[2025-10-14 18:27:40] [DEBUG]: try_one_request() 命令解析成功
[2025-10-14 18:27:40] [ERROR]: try_one_request() 连接id为4的连接输入缓冲区数据不够首部长度
[2025-10-14 18:27:40] [DEBUG]: 连接关闭 id为4 fd为5
[2025-10-14 18:28:10] [DEBUG]: handle_accept() 新连接ip:127.0.0.1 端口:49568
[2025-10-14 18:28:10] [DEBUG]: handle_read() 缓冲区大小：23
[2025-10-14 18:28:10] [DEBUG]: handle_read() 入读数据长度：23
[2025-10-14 18:28:10] [DEBUG]: try_one_request() 命令解析成功
[2025-10-14 18:28:10] [DEBUG]: h_lookup() 哈希表为空，查找失败。
[2025-10-14 18:28:10] [DEBUG]: 查找失败
[2025-10-14 18:28:10] [ERROR]: try_one_request() 连接id为5的连接输入缓冲区数据不够首部长度
[2025-10-14 18:28:10] [DEBUG]: 连接关闭 id为5 fd为5
[2025-10-14 18:28:33] [DEBUG]: handle_accept() 新连接ip:127.0.0.1 端口:48534
[2025-10-14 18:28:33] [DEBUG]: handle_read() 缓冲区大小：20
[2025-10-14 18:28:33] [DEBUG]: handle_read() 入读数据长度：20
[2025-10-14 18:28:33] [DEBUG]: try_one_request() 命令解析成功
[2025-10-14 18:28:33] [DEBUG]: h_lookup() 哈希表为空，查找失败。
[2025-10-14 18:28:33] [ERROR]: try_one_request() 连接id为6的连接输入缓冲区数据不够首部长度
[2025-10-14 18:28:33] [DEBUG]: 连接关闭 id为6 fd为5
[2025-10-14 18:29:44] [DEBUG]: handle_accept() 新连接ip:127.0.0.1 端口:45658
[2025-10-14 18:29:44] [DEBUG]: handle_read() 缓冲区大小：30
[2025-10-14 18:29:44] [DEBUG]: handle_read() 入读数据长度：30
[2025-10-14 18:29:44] [DEBUG]: try_one_request() 命令解析成功
[2025-10-14 18:29:44] [DEBUG]: h_lookup() 哈希表为空，查找失败。
[2025-10-14 18:29:44] [ERROR]: try_one_request() 连接id为7的连接输入缓冲区数据不够首部长度
[2025-10-14 18:29:44] [DEBUG]: 连接关闭 id为7 fd为5
[2025-10-14 18:29:53] [DEBUG]: handle_accept() 新连接ip:127.0.0.1 端口:57502
[2025-10-14 18:29:53] [DEBUG]: handle_read() 缓冲区大小：23
[2025-10-14 18:29:53] [DEBUG]: handle_read() 入读数据长度：23
[2025-10-14 18:29:53] [DEBUG]: try_one_request() 命令解析成功
[2025-10-14 18:29:53] [ERROR]: try_one_request() 连接id为8的连接输入缓冲区数据不够首部长度
[2025-10-14 18:29:53] [DEBUG]: 连接关闭 id为8 fd为5
[2025-10-14 18:30:16] [DEBUG]: handle_accept() 新连接ip:127.0.0.1 端口:58752
[2025-10-14 18:30:16] [DEBUG]: handle_read() 缓冲区大小：33
[2025-10-14 18:30:16] [DEBUG]: handle_read() 入读数据长度：33
[2025-10-14 18:30:16] [DEBUG]: try_one_request() 命令解析成功
[2025-10-14 18:30:16] [ERROR]: try_one_request() 连接id为9的连接输入缓冲区数据不够首部长度
[2025-10-14 18:30:16] [DEBUG]: 连接关闭 id为9 fd为5
[2025-10-14 18:30:30] [DEBUG]: handle_accept() 新连接ip:127.0.0.1 端口:48418
[2025-10-14 18:30:30] [DEBUG]: handle_read() 缓冲区大小：23
[2025-10-14 18:30:30] [DEBUG]: handle_read() 入读数据长度：23
[2025-10-14 18:30:30] [DEBUG]: try_one_request() 命令解析成功
[2025-10-14 18:30:30] [ERROR]: try_one_request() 连接id为10的连接输入缓冲区数据不够首部长度
[2025-10-14 18:30:30] [DEBUG]: 连接关闭 id为10 fd为5
